<?xml version="1.0" encoding="UTF-8"?>
<testsuite xmlns:xsi="http://www.w3.org/2001/XMLSchema-instance" xsi:noNamespaceSchemaLocation="https://maven.apache.org/surefire/maven-failsafe-plugin/xsd/failsafe-test-report-3.0.xsd" version="3.0" name="CucumberTestSuite" time="134.899" tests="5" errors="0" skipped="0" failures="0">
  <properties>
[...]
</properties>
  <testcase name="View Cart Detail (filled)" classname="Manage Cart" time="46.179">
    <system-out><![CDATA[19:28:36.745 [main] INFO io.cucumber.core.plugin.SerenityReporter - Running feature from file:///C:/Users/ASUS/Desktop/stupen/miniproject/Web/ASWeb/src/test/resources/features/Cart.feature
19:28:37.310 [main] INFO  - 

-------------------------------------------------------------------------------------
     _______. _______ .______       _______ .__   __.  __  .___________.____    ____ 
    /       ||   ____||   _  \     |   ____||  \ |  | |  | |           |\   \  /   / 
   |   (----`|  |__   |  |_)  |    |  |__   |   \|  | |  | `---|  |----` \   \/   /  
    \   \    |   __|  |      /     |   __|  |  . `  | |  |     |  |       \_    _/   
.----)   |   |  |____ |  |\  \----.|  |____ |  |\   | |  |     |  |         |  |     
|_______/    |_______|| _| `._____||_______||__| \__| |__|     |__|         |__|    
                                                                                     
 News and tutorials at http://www.serenity-bdd.info                                  
 Documentation at https://wakaleo.gitbooks.io/the-serenity-book/content/             
 Join the Serenity Community on Gitter: https://gitter.im/serenity-bdd/serenity-core 
 Serenity BDD Support and Training at http://serenity-bdd.info/#/trainingandsupport  
-------------------------------------------------------------------------------------

19:28:37.322 [main] DEBUG net.thucydides.core.steps.StepEventBus - Test suite started for story net.thucydides.core.model.Story@a99674c0
19:28:37.333 [main] INFO  - Test Suite Started: Manage Cart
19:28:37.400 [main] INFO io.cucumber.core.plugin.SerenityReporter - Running feature from file:///C:/Users/ASUS/Desktop/stupen/miniproject/Web/ASWeb/src/test/resources/features/Login.feature
19:28:37.431 [main] DEBUG net.thucydides.core.steps.StepEventBus - Test suite started for story net.thucydides.core.model.Story@23282f08
19:28:37.444 [main] INFO  - Test Suite Started: Login
19:28:37.445 [main] INFO io.cucumber.core.plugin.SerenityReporter - Running feature from file:///C:/Users/ASUS/Desktop/stupen/miniproject/Web/ASWeb/src/test/resources/features/Logout.feature
19:28:37.463 [main] DEBUG net.thucydides.core.steps.StepEventBus - Test suite started for story net.thucydides.core.model.Story@7960de68
19:28:37.466 [main] INFO  - Test Suite Started: Logout
19:28:37.466 [main] INFO io.cucumber.core.plugin.SerenityReporter - Running feature from file:///C:/Users/ASUS/Desktop/stupen/miniproject/Web/ASWeb/src/test/resources/features/Product.feature
19:28:37.488 [main] DEBUG net.thucydides.core.steps.StepEventBus - Test suite started for story net.thucydides.core.model.Story@94d3a930
19:28:37.491 [main] INFO  - Test Suite Started: Manage Product
19:28:37.491 [main] INFO io.cucumber.core.plugin.SerenityReporter - Running feature from file:///C:/Users/ASUS/Desktop/stupen/miniproject/Web/ASWeb/src/test/resources/features/Register.feature
19:28:37.516 [main] DEBUG net.thucydides.core.steps.StepEventBus - Test suite started for story net.thucydides.core.model.Story@30e75088
19:28:37.519 [main] INFO  - Test Suite Started: Register
19:28:37.520 [main] INFO io.cucumber.core.plugin.SerenityReporter - Running feature from file:///C:/Users/ASUS/Desktop/stupen/miniproject/Web/ASWeb/src/test/resources/features/Transaction.feature
19:28:37.538 [main] DEBUG net.thucydides.core.steps.StepEventBus - Test suite started for story net.thucydides.core.model.Story@c54cf0a8
19:28:37.540 [main] INFO  - Test Suite Started: Transaction
19:28:37.543 [main] INFO io.cucumber.core.plugin.SerenityReporter - Running feature from file:///C:/Users/ASUS/Desktop/stupen/miniproject/Web/ASWeb/src/test/resources/features/Cart.feature
19:28:37.556 [main] DEBUG net.thucydides.core.steps.StepEventBus - Test suite started for story net.thucydides.core.model.Story@a99674c0
19:28:37.558 [main] INFO  - Test Suite Started: Manage Cart

@Cart
Scenario: View Cart Detail (filled)       &amp#27;[90m# src/test/resources/features/Cart.feature:7&amp#27;[0m
19:28:37.810 [main] INFO io.cucumber.core.plugin.SerenityReporter - Running feature from file:///C:/Users/ASUS/Desktop/stupen/miniproject/Web/ASWeb/src/test/resources/features/Cart.feature
19:28:38.086 [main] INFO  - 
  _____   ___   ___   _____     ___   _____     _     ___   _____   ___   ___  
 |_   _| | __| / __| |_   _|   / __| |_   _|   /_\   | _ \ |_   _| | __| |   \ 
   | |   | _|  \__ \   | |     \__ \   | |    / _ \  |   /   | |   | _|  | |) |
   |_|   |___| |___/   |_|     |___/   |_|   /_/ \_\ |_|_\   |_|   |___| |___/ 

View Cart Detail (filled)(manage-cart;view-cart-detail-(filled))
--------------------------------------------------------------------------------
19:28:39.945 [main] INFO net.serenitybdd.core.webdriver.driverproviders.ChromeDriverProvider - Using automatically driver download
19:28:42.242 [main] DEBUG io.github.bonigarcia.wdm.cache.ResolutionCache - Resolution chrome=107 in cache (valid until 20:17:59 09/11/2022 WIB)
19:28:42.252 [main] DEBUG io.github.bonigarcia.wdm.cache.ResolutionCache - Resolution chrome107=107.0.5304.62 in cache (valid until 19:17:59 10/11/2022 WIB)
19:28:42.260 [main] INFO io.github.bonigarcia.wdm.WebDriverManager - Using chromedriver 107.0.5304.62 (resolved driver for Chrome 107)
19:28:42.302 [main] DEBUG io.github.bonigarcia.wdm.WebDriverManager - Driver chromedriver 107.0.5304.62 found in cache
19:28:42.304 [main] INFO io.github.bonigarcia.wdm.WebDriverManager - Exporting webdriver.chrome.driver as C:\Users\ASUS\.cache\selenium\chromedriver\win32\107.0.5304.62\chromedriver.exe
19:28:44.267 [main] DEBUG net.thucydides.core.reflection.ClassFinder - Could not load class .CucumberTestSuite
19:28:44.267 [main] DEBUG net.thucydides.core.reflection.ClassFinder - Could not load class .starter.pages.CartPages
19:28:44.270 [main] DEBUG net.thucydides.core.reflection.ClassFinder - Could not load class .starter.pages.LogInOutPages
19:28:44.271 [main] DEBUG net.thucydides.core.reflection.ClassFinder - Could not load class .starter.pages.ProductPages
19:28:44.272 [main] DEBUG net.thucydides.core.reflection.ClassFinder - Could not load class .starter.pages.RegisterPage
19:28:44.272 [main] DEBUG net.thucydides.core.reflection.ClassFinder - Could not load class .starter.pages.TransactionPages
19:28:44.273 [main] DEBUG net.thucydides.core.reflection.ClassFinder - Could not load class .starter.stepdefinitions.CartSteps
19:28:44.274 [main] DEBUG net.thucydides.core.reflection.ClassFinder - Could not load class .starter.stepdefinitions.LogInOutSteps
19:28:44.275 [main] DEBUG net.thucydides.core.reflection.ClassFinder - Could not load class .starter.stepdefinitions.ProductSteps
19:28:44.277 [main] DEBUG net.thucydides.core.reflection.ClassFinder - Could not load class .starter.stepdefinitions.RegisterSteps
19:28:44.279 [main] DEBUG net.thucydides.core.reflection.ClassFinder - Could not load class .starter.stepdefinitions.TransactionSteps
19:28:44.282 [main] DEBUG net.thucydides.core.reflection.ClassFinder - Could not load class META-INF.versions.9.com.sun.istack.logging.StackHelper
19:28:44.285 [main] DEBUG net.thucydides.core.reflection.ClassFinder - Could not load class META-INF.versions.9.com.sun.xml.bind.v2.runtime.reflect.opt.AccessorInjector
19:28:44.287 [main] DEBUG net.thucydides.core.reflection.ClassFinder - Could not load class META-INF.versions.9.com.sun.xml.bind.v2.runtime.reflect.opt.Injector
19:28:44.290 [main] DEBUG net.thucydides.core.reflection.ClassFinder - Could not load class META-INF.versions.9.com.sun.xml.bind.v2.runtime.reflect.opt.OptimizedAccessorFactory
19:28:44.292 [main] DEBUG net.thucydides.core.reflection.ClassFinder - Could not load class META-INF.versions.9.com.sun.xml.bind.v2.runtime.reflect.opt.OptimizedTransducedAccessorFactory
19:28:44.295 [main] DEBUG net.thucydides.core.reflection.ClassFinder - Could not load class META-INF.versions.9.io.opentelemetry.sdk.internal.CurrentJavaVersionSpecific
19:28:44.296 [main] DEBUG net.thucydides.core.reflection.ClassFinder - Could not load class META-INF.versions.9.io.opentelemetry.sdk.internal.Java9VersionSpecific
19:28:44.298 [main] DEBUG net.thucydides.core.reflection.ClassFinder - Could not load class META-INF.versions.9.javax.xml.bind.ModuleUtil
19:28:44.300 [main] DEBUG net.thucydides.core.reflection.ClassFinder - Could not load class META-INF.versions.9.module-info
19:28:44.302 [main] DEBUG net.thucydides.core.reflection.ClassFinder - Could not load class META-INF.versions.9.org.junit.platform.commons.util.ModuleUtils
19:28:45.583 [main] DEBUG net.thucydides.core.reflection.ClassFinder - Could not load class com.google.gson.internal.
19:28:46.044 [main] DEBUG net.thucydides.core.reflection.ClassFinder - Could not load class com.sun.xml.bind.v2.runtime.output.FastInfosetStreamWriterOutput
19:28:47.430 [main] DEBUG net.thucydides.core.reflection.ClassFinder - Could not load class module-info
19:28:57.562 [main] DEBUG io.netty.util.internal.logging.InternalLoggerFactory - Using SLF4J as the default logging framework
19:28:57.587 [main] DEBUG io.netty.util.ResourceLeakDetector - -Dio.netty.leakDetection.level: simple
19:28:57.588 [main] DEBUG io.netty.util.ResourceLeakDetector - -Dio.netty.leakDetection.targetRecords: 4
19:28:57.615 [main] DEBUG io.netty.util.ResourceLeakDetectorFactory - Loaded default ResourceLeakDetector: io.netty.util.ResourceLeakDetector@20983174
19:28:57.723 [main] DEBUG io.netty.util.internal.PlatformDependent0 - -Dio.netty.noUnsafe: false
19:28:57.723 [main] DEBUG io.netty.util.internal.PlatformDependent0 - Java version: 13
19:28:57.727 [main] DEBUG io.netty.util.internal.PlatformDependent0 - sun.misc.Unsafe.theUnsafe: available
19:28:57.729 [main] DEBUG io.netty.util.internal.PlatformDependent0 - sun.misc.Unsafe.copyMemory: available
19:28:57.730 [main] DEBUG io.netty.util.internal.PlatformDependent0 - java.nio.Buffer.address: available
19:28:57.731 [main] DEBUG io.netty.util.internal.PlatformDependent0 - direct buffer constructor: unavailable: Reflective setAccessible(true) disabled
19:28:57.733 [main] DEBUG io.netty.util.internal.PlatformDependent0 - java.nio.Bits.unaligned: available, true
19:28:57.735 [main] DEBUG io.netty.util.internal.PlatformDependent0 - jdk.internal.misc.Unsafe.allocateUninitializedArray(int): unavailable: class io.netty.util.internal.PlatformDependent0$6 cannot access class jdk.internal.misc.Unsafe (in module java.base) because module java.base does not export jdk.internal.misc to unnamed module @615f972
19:28:57.738 [main] DEBUG io.netty.util.internal.PlatformDependent0 - java.nio.DirectByteBuffer.<init>(long, int): unavailable
19:28:57.738 [main] DEBUG io.netty.util.internal.PlatformDependent - sun.misc.Unsafe: available
19:28:57.742 [main] DEBUG io.netty.util.internal.PlatformDependent - maxDirectMemory: 2109734912 bytes (maybe)
19:28:57.745 [main] DEBUG io.netty.util.internal.PlatformDependent - -Dio.netty.tmpdir: C:\Users\ASUS\AppData\Local\Temp (java.io.tmpdir)
19:28:57.745 [main] DEBUG io.netty.util.internal.PlatformDependent - -Dio.netty.bitMode: 64 (sun.arch.data.model)
19:28:57.747 [main] DEBUG io.netty.util.internal.PlatformDependent - Platform: Windows
19:28:57.749 [main] DEBUG io.netty.util.internal.PlatformDependent - -Dio.netty.maxDirectMemory: -1 bytes
19:28:57.749 [main] DEBUG io.netty.util.internal.PlatformDependent - -Dio.netty.uninitializedArrayAllocationThreshold: -1
19:28:57.751 [main] DEBUG io.netty.util.internal.CleanerJava9 - java.nio.ByteBuffer.cleaner(): available
19:28:57.752 [main] DEBUG io.netty.util.internal.PlatformDependent - -Dio.netty.noPreferDirect: false
19:28:57.772 [main] DEBUG io.netty.util.internal.PlatformDependent - org.jctools-core.MpscChunkedArrayQueue: available
19:28:57.823 [main] DEBUG io.netty.util.internal.InternalThreadLocalMap - -Dio.netty.threadLocalMap.stringBuilder.initialSize: 1024
19:28:57.823 [main] DEBUG io.netty.util.internal.InternalThreadLocalMap - -Dio.netty.threadLocalMap.stringBuilder.maxSize: 4096
19:28:58.112 [main] DEBUG io.netty.handler.ssl.JdkSslContext - Default protocols (JDK): [TLSv1.3, TLSv1.2, TLSv1.1, TLSv1] 
19:28:58.113 [main] DEBUG io.netty.handler.ssl.JdkSslContext - Default cipher suites (JDK): [TLS_ECDHE_ECDSA_WITH_AES_256_GCM_SHA384, TLS_ECDHE_ECDSA_WITH_AES_128_GCM_SHA256, TLS_ECDHE_RSA_WITH_AES_128_GCM_SHA256, TLS_ECDHE_RSA_WITH_AES_256_GCM_SHA384, TLS_ECDHE_RSA_WITH_AES_128_CBC_SHA, TLS_ECDHE_RSA_WITH_AES_256_CBC_SHA, TLS_RSA_WITH_AES_128_GCM_SHA256, TLS_RSA_WITH_AES_128_CBC_SHA, TLS_RSA_WITH_AES_256_CBC_SHA, TLS_AES_128_GCM_SHA256, TLS_AES_256_GCM_SHA384]
19:28:58.214 [main] DEBUG io.netty.channel.MultithreadEventLoopGroup - -Dio.netty.eventLoopThreads: 16
19:28:58.239 [main] DEBUG io.netty.channel.nio.NioEventLoop - -Dio.netty.noKeySetOptimization: false
19:28:58.239 [main] DEBUG io.netty.channel.nio.NioEventLoop - -Dio.netty.selectorAutoRebuildThreshold: 512
19:28:58.782 [main] DEBUG io.netty.buffer.PooledByteBufAllocator - -Dio.netty.allocator.numHeapArenas: 16
19:28:58.782 [main] DEBUG io.netty.buffer.PooledByteBufAllocator - -Dio.netty.allocator.numDirectArenas: 16
19:28:58.782 [main] DEBUG io.netty.buffer.PooledByteBufAllocator - -Dio.netty.allocator.pageSize: 8192
19:28:58.782 [main] DEBUG io.netty.buffer.PooledByteBufAllocator - -Dio.netty.allocator.maxOrder: 11
19:28:58.782 [main] DEBUG io.netty.buffer.PooledByteBufAllocator - -Dio.netty.allocator.chunkSize: 16777216
19:28:58.782 [main] DEBUG io.netty.buffer.PooledByteBufAllocator - -Dio.netty.allocator.smallCacheSize: 256
19:28:58.782 [main] DEBUG io.netty.buffer.PooledByteBufAllocator - -Dio.netty.allocator.normalCacheSize: 64
19:28:58.782 [main] DEBUG io.netty.buffer.PooledByteBufAllocator - -Dio.netty.allocator.maxCachedBufferCapacity: 32768
19:28:58.782 [main] DEBUG io.netty.buffer.PooledByteBufAllocator - -Dio.netty.allocator.cacheTrimInterval: 8192
19:28:58.782 [main] DEBUG io.netty.buffer.PooledByteBufAllocator - -Dio.netty.allocator.cacheTrimIntervalMillis: 0
19:28:58.783 [main] DEBUG io.netty.buffer.PooledByteBufAllocator - -Dio.netty.allocator.useCacheForAllThreads: true
19:28:58.783 [main] DEBUG io.netty.buffer.PooledByteBufAllocator - -Dio.netty.allocator.maxCachedByteBuffersPerChunk: 1023
19:28:58.806 [main] DEBUG io.netty.buffer.ByteBufUtil - -Dio.netty.allocator.type: pooled
19:28:58.807 [main] DEBUG io.netty.buffer.ByteBufUtil - -Dio.netty.threadLocalDirectBufferSize: 0
19:28:58.807 [main] DEBUG io.netty.buffer.ByteBufUtil - -Dio.netty.maxThreadLocalCharBufferSize: 16384
19:28:59.260 [main] DEBUG net.serenitybdd.core.webdriver.driverproviders.ProvideNewDriver - Instantiating driver
19:28:59.261 [main] DEBUG net.serenitybdd.core.webdriver.driverproviders.ProvideNewDriver - Driver capabilities: Capabilities {acceptInsecureCerts: false, base.url: https://alta-shop.vercel.app/, browserName: chrome, chrome.driver: src/test/resources/webdrive..., driver: chrome, goog:chromeOptions: {args: [], extensions: []}, wait.for.timeout: 10000}
19:29:00.358 [Forwarding newSession on session null to remote] DEBUG io.netty.channel.DefaultChannelId - -Dio.netty.processId: 21872 (auto-detected)
19:29:00.364 [Forwarding newSession on session null to remote] DEBUG io.netty.util.NetUtil - -Djava.net.preferIPv4Stack: false
19:29:00.364 [Forwarding newSession on session null to remote] DEBUG io.netty.util.NetUtil - -Djava.net.preferIPv6Addresses: false
19:29:01.114 [Forwarding newSession on session null to remote] DEBUG io.netty.util.NetUtilInitializations - Loopback interface: lo (Software Loopback Interface 1, 127.0.0.1)
19:29:01.120 [Forwarding newSession on session null to remote] DEBUG io.netty.util.NetUtil - Failed to get SOMAXCONN from sysctl and file \proc\sys\net\core\somaxconn. Default: 200
19:29:01.804 [Forwarding newSession on session null to remote] DEBUG io.netty.channel.DefaultChannelId - -Dio.netty.machineId: d4:d2:52:ff:fe:a4:e5:f7 (auto-detected)
19:29:02.003 [AsyncHttpClient-1-2] DEBUG io.netty.buffer.AbstractByteBuf - -Dio.netty.buffer.checkAccessible: true
19:29:02.006 [AsyncHttpClient-1-2] DEBUG io.netty.buffer.AbstractByteBuf - -Dio.netty.buffer.checkBounds: true
19:29:02.006 [AsyncHttpClient-1-2] DEBUG io.netty.util.ResourceLeakDetectorFactory - Loaded default ResourceLeakDetector: io.netty.util.ResourceLeakDetector@57f1f50f
19:29:02.070 [AsyncHttpClient-1-2] DEBUG org.asynchttpclient.netty.channel.NettyConnectListener - Using new Channel '[id: 0x8a3d0858, L:/127.0.0.1:57096 - R:localhost/127.0.0.1:60827]' for 'POST' to '/session'
19:29:02.243 [AsyncHttpClient-1-2] DEBUG io.netty.util.Recycler - -Dio.netty.recycler.maxCapacityPerThread: 4096
19:29:02.245 [AsyncHttpClient-1-2] DEBUG io.netty.util.Recycler - -Dio.netty.recycler.ratio: 8
19:29:02.245 [AsyncHttpClient-1-2] DEBUG io.netty.util.Recycler - -Dio.netty.recycler.chunkSize: 32
19:29:02.245 [AsyncHttpClient-1-2] DEBUG io.netty.util.Recycler - -Dio.netty.recycler.blocking: false
19:29:05.743 [AsyncHttpClient-1-2] DEBUG io.netty.handler.codec.compression.Brotli - brotli4j not in the classpath; Brotli support will be unavailable.
19:29:05.752 [AsyncHttpClient-1-2] DEBUG org.asynchttpclient.netty.handler.HttpHandler - 

Request DefaultHttpRequest(decodeResult: success, version: HTTP/1.1)
POST /session HTTP/1.1
User-Agent: selenium/4.1.2 (java windows)
Content-Length: 646
Content-Type: application/json; charset=utf-8
host: localhost:60827
accept: */*

Response DefaultHttpResponse(decodeResult: success, version: HTTP/1.1)
HTTP/1.1 200 OK
Content-Type: application/json; charset=utf-8
cache-control: no-cache
content-length: 788

19:29:05.855 [AsyncHttpClient-1-2] DEBUG org.asynchttpclient.netty.channel.ChannelManager - Adding key: http://localhost:60827 for channel [id: 0x8a3d0858, L:/127.0.0.1:57096 - R:localhost/127.0.0.1:60827]
19:29:05.867 [AsyncHttpClient-1-1] DEBUG org.asynchttpclient.netty.channel.DefaultChannelPool - Entry count for : http://localhost:60827 : 1
19:29:06.389 [AsyncHttpClient-1-3] DEBUG org.asynchttpclient.netty.channel.NettyConnectListener - Using new Channel '[id: 0xd062fdaa, L:/127.0.0.1:57106 - R:localhost/127.0.0.1:57098]' for 'GET' to '/json/version'
19:29:06.476 [AsyncHttpClient-1-3] DEBUG org.asynchttpclient.netty.handler.HttpHandler - 

Request DefaultFullHttpRequest(decodeResult: success, version: HTTP/1.1, content: EmptyByteBufBE)
GET /json/version HTTP/1.1
User-Agent: selenium/4.1.2 (java windows)
host: localhost:57098
accept: */*

Response DefaultHttpResponse(decodeResult: success, version: HTTP/1.1)
HTTP/1.1 200 OK
Content-Type: application/json; charset=UTF-8
content-length: 423

19:29:06.478 [AsyncHttpClient-1-3] DEBUG org.asynchttpclient.netty.channel.ChannelManager - Adding key: http://localhost:57098 for channel [id: 0xd062fdaa, L:/127.0.0.1:57106 - R:localhost/127.0.0.1:57098]
19:29:06.504 [main] DEBUG io.netty.util.internal.ThreadLocalRandom - -Dio.netty.initialSeedUniquifier: 0xb35a0adb0ffe631d
19:29:06.650 [AsyncHttpClient-1-4] DEBUG org.asynchttpclient.netty.channel.NettyConnectListener - Using new Channel '[id: 0xbf7ba103, L:/127.0.0.1:57107 - R:localhost/127.0.0.1:57098]' for 'GET' to '/devtools/browser/12fe86a5-62be-4be0-989f-b9255716646f'
19:29:06.736 [AsyncHttpClient-1-4] DEBUG org.asynchttpclient.netty.handler.WebSocketHandler - 

Request DefaultFullHttpRequest(decodeResult: success, version: HTTP/1.1, content: EmptyByteBufBE)
GET /devtools/browser/12fe86a5-62be-4be0-989f-b9255716646f HTTP/1.1
upgrade: websocket
connection: upgrade
sec-websocket-key: 1KS4RBQLR1VA9XFKkfUQrA==
sec-websocket-version: 13
origin: http://localhost:57098
host: localhost:57098
accept: */*
user-agent: AHC/2.1

Response DefaultHttpResponse(decodeResult: success, version: HTTP/1.1)
HTTP/1.1 101 WebSocket Protocol Handshake
Upgrade: WebSocket
Connection: Upgrade
Sec-WebSocket-Accept: HO/xyhMmDVJVOGlqM74Z+sC4Zmw=

19:29:06.929 [AsyncHttpClient-1-1] DEBUG org.asynchttpclient.netty.channel.DefaultChannelPool - Entry count for : http://localhost:60827 : 1
19:29:06.929 [AsyncHttpClient-1-1] DEBUG org.asynchttpclient.netty.channel.DefaultChannelPool - Entry count for : http://localhost:57098 : 1
19:29:08.018 [AsyncHttpClient-1-1] DEBUG org.asynchttpclient.netty.channel.DefaultChannelPool - Entry count for : http://localhost:60827 : 1
19:29:08.020 [AsyncHttpClient-1-1] DEBUG org.asynchttpclient.netty.channel.DefaultChannelPool - Entry count for : http://localhost:57098 : 1
19:29:09.085 [AsyncHttpClient-1-1] DEBUG org.asynchttpclient.netty.channel.DefaultChannelPool - Entry count for : http://localhost:60827 : 1
19:29:09.085 [AsyncHttpClient-1-1] DEBUG org.asynchttpclient.netty.channel.DefaultChannelPool - Entry count for : http://localhost:57098 : 1
19:29:10.008 [main] DEBUG net.thucydides.core.reflection.ClassFinder - Could not load class .CucumberTestSuite
19:29:10.008 [main] DEBUG net.thucydides.core.reflection.ClassFinder - Could not load class .starter.pages.CartPages
19:29:10.009 [main] DEBUG net.thucydides.core.reflection.ClassFinder - Could not load class .starter.pages.LogInOutPages
19:29:10.009 [main] DEBUG net.thucydides.core.reflection.ClassFinder - Could not load class .starter.pages.ProductPages
19:29:10.009 [main] DEBUG net.thucydides.core.reflection.ClassFinder - Could not load class .starter.pages.RegisterPage
19:29:10.009 [main] DEBUG net.thucydides.core.reflection.ClassFinder - Could not load class .starter.pages.TransactionPages
19:29:10.009 [main] DEBUG net.thucydides.core.reflection.ClassFinder - Could not load class .starter.stepdefinitions.CartSteps
19:29:10.009 [main] DEBUG net.thucydides.core.reflection.ClassFinder - Could not load class .starter.stepdefinitions.LogInOutSteps
19:29:10.009 [main] DEBUG net.thucydides.core.reflection.ClassFinder - Could not load class .starter.stepdefinitions.ProductSteps
19:29:10.009 [main] DEBUG net.thucydides.core.reflection.ClassFinder - Could not load class .starter.stepdefinitions.RegisterSteps
19:29:10.010 [main] DEBUG net.thucydides.core.reflection.ClassFinder - Could not load class .starter.stepdefinitions.TransactionSteps
19:29:10.011 [main] DEBUG net.thucydides.core.reflection.ClassFinder - Could not load class META-INF.versions.9.com.sun.istack.logging.StackHelper
19:29:10.012 [main] DEBUG net.thucydides.core.reflection.ClassFinder - Could not load class META-INF.versions.9.com.sun.xml.bind.v2.runtime.reflect.opt.AccessorInjector
19:29:10.012 [main] DEBUG net.thucydides.core.reflection.ClassFinder - Could not load class META-INF.versions.9.com.sun.xml.bind.v2.runtime.reflect.opt.Injector
19:29:10.013 [main] DEBUG net.thucydides.core.reflection.ClassFinder - Could not load class META-INF.versions.9.com.sun.xml.bind.v2.runtime.reflect.opt.OptimizedAccessorFactory
19:29:10.014 [main] DEBUG net.thucydides.core.reflection.ClassFinder - Could not load class META-INF.versions.9.com.sun.xml.bind.v2.runtime.reflect.opt.OptimizedTransducedAccessorFactory
19:29:10.015 [main] DEBUG net.thucydides.core.reflection.ClassFinder - Could not load class META-INF.versions.9.io.opentelemetry.sdk.internal.CurrentJavaVersionSpecific
19:29:10.015 [main] DEBUG net.thucydides.core.reflection.ClassFinder - Could not load class META-INF.versions.9.io.opentelemetry.sdk.internal.Java9VersionSpecific
19:29:10.016 [main] DEBUG net.thucydides.core.reflection.ClassFinder - Could not load class META-INF.versions.9.javax.xml.bind.ModuleUtil
19:29:10.017 [main] DEBUG net.thucydides.core.reflection.ClassFinder - Could not load class META-INF.versions.9.module-info
19:29:10.019 [main] DEBUG net.thucydides.core.reflection.ClassFinder - Could not load class META-INF.versions.9.org.junit.platform.commons.util.ModuleUtils
19:29:10.022 [main] DEBUG net.thucydides.core.reflection.ClassFinder - Could not load class com.google.gson.internal.
19:29:10.024 [main] DEBUG net.thucydides.core.reflection.ClassFinder - Could not load class com.sun.xml.bind.v2.runtime.output.FastInfosetStreamWriterOutput
19:29:10.031 [main] DEBUG net.thucydides.core.reflection.ClassFinder - Could not load class module-info
19:29:10.073 [Forwarding get on session 961f6b6eae9213599df7db29cc3e2163 to remote] DEBUG org.asynchttpclient.netty.request.NettyRequestSender - Using pooled Channel '[id: 0x8a3d0858, L:/127.0.0.1:57096 - R:localhost/127.0.0.1:60827]' for 'POST' to 'http://localhost:60827/session/961f6b6eae9213599df7db29cc3e2163/url'
19:29:10.073 [Forwarding get on session 961f6b6eae9213599df7db29cc3e2163 to remote] DEBUG org.asynchttpclient.netty.request.NettyRequestSender - Using open Channel [id: 0x8a3d0858, L:/127.0.0.1:57096 - R:localhost/127.0.0.1:60827] for POST '/session/961f6b6eae9213599df7db29cc3e2163/url'
19:29:10.182 [AsyncHttpClient-1-1] DEBUG org.asynchttpclient.netty.channel.DefaultChannelPool - Entry count for : http://localhost:57098 : 1
19:29:11.223 [AsyncHttpClient-1-2] DEBUG org.asynchttpclient.netty.handler.HttpHandler - 

Request DefaultHttpRequest(decodeResult: success, version: HTTP/1.1)
POST /session/961f6b6eae9213599df7db29cc3e2163/url HTTP/1.1
User-Agent: selenium/4.1.2 (java windows)
Content-Length: 59
Content-Type: application/json; charset=utf-8
host: localhost:60827
accept: */*

Response DefaultHttpResponse(decodeResult: success, version: HTTP/1.1)
HTTP/1.1 200 OK
Content-Type: application/json; charset=utf-8
cache-control: no-cache
content-length: 14

19:29:11.224 [AsyncHttpClient-1-2] DEBUG org.asynchttpclient.netty.channel.ChannelManager - Adding key: http://localhost:60827 for channel [id: 0x8a3d0858, L:/127.0.0.1:57096 - R:localhost/127.0.0.1:60827]
19:29:11.235 [Forwarding setTimeout on session 961f6b6eae9213599df7db29cc3e2163 to remote] DEBUG org.asynchttpclient.netty.request.NettyRequestSender - Using pooled Channel '[id: 0x8a3d0858, L:/127.0.0.1:57096 - R:localhost/127.0.0.1:60827]' for 'POST' to 'http://localhost:60827/session/961f6b6eae9213599df7db29cc3e2163/timeouts'
19:29:11.235 [Forwarding setTimeout on session 961f6b6eae9213599df7db29cc3e2163 to remote] DEBUG org.asynchttpclient.netty.request.NettyRequestSender - Using open Channel [id: 0x8a3d0858, L:/127.0.0.1:57096 - R:localhost/127.0.0.1:60827] for POST '/session/961f6b6eae9213599df7db29cc3e2163/timeouts'
19:29:11.239 [AsyncHttpClient-1-2] DEBUG org.asynchttpclient.netty.handler.HttpHandler - 

Request DefaultHttpRequest(decodeResult: success, version: HTTP/1.1)
POST /session/961f6b6eae9213599df7db29cc3e2163/timeouts HTTP/1.1
User-Agent: selenium/4.1.2 (java windows)
Content-Length: 22
Content-Type: application/json; charset=utf-8
host: localhost:60827
accept: */*

Response DefaultHttpResponse(decodeResult: success, version: HTTP/1.1)
HTTP/1.1 200 OK
Content-Type: application/json; charset=utf-8
cache-control: no-cache
content-length: 14

19:29:11.239 [AsyncHttpClient-1-2] DEBUG org.asynchttpclient.netty.channel.ChannelManager - Adding key: http://localhost:60827 for channel [id: 0x8a3d0858, L:/127.0.0.1:57096 - R:localhost/127.0.0.1:60827]
19:29:11.253 [Forwarding getCurrentUrl on session 961f6b6eae9213599df7db29cc3e2163 to remote] DEBUG org.asynchttpclient.netty.request.NettyRequestSender - Using pooled Channel '[id: 0x8a3d0858, L:/127.0.0.1:57096 - R:localhost/127.0.0.1:60827]' for 'GET' to 'http://localhost:60827/session/961f6b6eae9213599df7db29cc3e2163/url'
19:29:11.253 [Forwarding getCurrentUrl on session 961f6b6eae9213599df7db29cc3e2163 to remote] DEBUG org.asynchttpclient.netty.request.NettyRequestSender - Using open Channel [id: 0x8a3d0858, L:/127.0.0.1:57096 - R:localhost/127.0.0.1:60827] for GET '/session/961f6b6eae9213599df7db29cc3e2163/url'
19:29:11.273 [AsyncHttpClient-1-2] DEBUG org.asynchttpclient.netty.handler.HttpHandler - 

Request DefaultFullHttpRequest(decodeResult: success, version: HTTP/1.1, content: EmptyByteBufBE)
GET /session/961f6b6eae9213599df7db29cc3e2163/url HTTP/1.1
User-Agent: selenium/4.1.2 (java windows)
Cache-Control: no-cache
Content-Type: application/json; charset=utf-8
host: localhost:60827
accept: */*

Response DefaultHttpResponse(decodeResult: success, version: HTTP/1.1)
HTTP/1.1 200 OK
Content-Type: application/json; charset=utf-8
cache-control: no-cache
content-length: 41

19:29:11.274 [AsyncHttpClient-1-2] DEBUG org.asynchttpclient.netty.channel.ChannelManager - Adding key: http://localhost:60827 for channel [id: 0x8a3d0858, L:/127.0.0.1:57096 - R:localhost/127.0.0.1:60827]
  &amp#27;[32mGiven &amp#27;[0m&amp#27;[32mI open homepage url&amp#27;[0m               &amp#27;[90m# starter.stepdefinitions.CartSteps.iOpenHomepageUrl()&amp#27;[0m
19:29:11.312 [AsyncHttpClient-1-1] DEBUG org.asynchttpclient.netty.channel.DefaultChannelPool - Entry count for : http://localhost:60827 : 1
19:29:11.313 [AsyncHttpClient-1-1] DEBUG org.asynchttpclient.netty.channel.DefaultChannelPool - Entry count for : http://localhost:57098 : 1
19:29:11.381 [main] DEBUG net.serenitybdd.core.photography.Darkroom - Opening darkroom
19:29:11.382 [Darkroom Processing Line] DEBUG net.serenitybdd.core.photography.DarkroomProcessingLine - Darkroom processing line starting up
19:29:11.386 [Forwarding screenshot on session 961f6b6eae9213599df7db29cc3e2163 to remote] DEBUG org.asynchttpclient.netty.request.NettyRequestSender - Using pooled Channel '[id: 0x8a3d0858, L:/127.0.0.1:57096 - R:localhost/127.0.0.1:60827]' for 'GET' to 'http://localhost:60827/session/961f6b6eae9213599df7db29cc3e2163/screenshot'
19:29:11.386 [Forwarding screenshot on session 961f6b6eae9213599df7db29cc3e2163 to remote] DEBUG org.asynchttpclient.netty.request.NettyRequestSender - Using open Channel [id: 0x8a3d0858, L:/127.0.0.1:57096 - R:localhost/127.0.0.1:60827] for GET '/session/961f6b6eae9213599df7db29cc3e2163/screenshot'
19:29:12.383 [AsyncHttpClient-1-1] DEBUG org.asynchttpclient.netty.channel.DefaultChannelPool - Entry count for : http://localhost:57098 : 1
19:29:12.787 [AsyncHttpClient-1-2] DEBUG org.asynchttpclient.netty.handler.HttpHandler - 

Request DefaultFullHttpRequest(decodeResult: success, version: HTTP/1.1, content: EmptyByteBufBE)
GET /session/961f6b6eae9213599df7db29cc3e2163/screenshot HTTP/1.1
User-Agent: selenium/4.1.2 (java windows)
Cache-Control: no-cache
Content-Type: application/json; charset=utf-8
host: localhost:60827
accept: */*

Response DefaultHttpResponse(decodeResult: success, version: HTTP/1.1)
HTTP/1.1 200 OK
Content-Type: application/json; charset=utf-8
cache-control: no-cache
content-length: 27592

19:29:12.790 [AsyncHttpClient-1-2] DEBUG org.asynchttpclient.netty.channel.ChannelManager - Adding key: http://localhost:60827 for channel [id: 0x8a3d0858, L:/127.0.0.1:57096 - R:localhost/127.0.0.1:60827]
19:29:13.070 [main] DEBUG net.serenitybdd.core.photography.Darkroom - Send negative for processing for target\site\serenity\2eb901ddcd56516a9560a940e5b036de61f7c0924a21c4fcec50ab733f4a341f.png
19:29:13.071 [Darkroom Processing Line] DEBUG net.serenitybdd.core.photography.DarkroomProcessingLine - Processing screenshot image in /var/screenshots/screenshot-16270355948443359927
19:29:13.072 [Darkroom Processing Line] DEBUG net.serenitybdd.core.photography.DarkroomProcessingLine - Saving screenshot to target\site\serenity\2eb901ddcd56516a9560a940e5b036de61f7c0924a21c4fcec50ab733f4a341f.png
19:29:13.135 [Forwarding screenshot on session 961f6b6eae9213599df7db29cc3e2163 to remote] DEBUG org.asynchttpclient.netty.request.NettyRequestSender - Using pooled Channel '[id: 0x8a3d0858, L:/127.0.0.1:57096 - R:localhost/127.0.0.1:60827]' for 'GET' to 'http://localhost:60827/session/961f6b6eae9213599df7db29cc3e2163/screenshot'
19:29:13.137 [Forwarding screenshot on session 961f6b6eae9213599df7db29cc3e2163 to remote] DEBUG org.asynchttpclient.netty.request.NettyRequestSender - Using open Channel [id: 0x8a3d0858, L:/127.0.0.1:57096 - R:localhost/127.0.0.1:60827] for GET '/session/961f6b6eae9213599df7db29cc3e2163/screenshot'
19:29:13.489 [AsyncHttpClient-1-1] DEBUG org.asynchttpclient.netty.channel.DefaultChannelPool - Entry count for : http://localhost:57098 : 1
19:29:13.524 [AsyncHttpClient-1-2] DEBUG org.asynchttpclient.netty.handler.HttpHandler - 

Request DefaultFullHttpRequest(decodeResult: success, version: HTTP/1.1, content: EmptyByteBufBE)
GET /session/961f6b6eae9213599df7db29cc3e2163/screenshot HTTP/1.1
User-Agent: selenium/4.1.2 (java windows)
Cache-Control: no-cache
Content-Type: application/json; charset=utf-8
host: localhost:60827
accept: */*

Response DefaultHttpResponse(decodeResult: success, version: HTTP/1.1)
HTTP/1.1 200 OK
Content-Type: application/json; charset=utf-8
cache-control: no-cache
content-length: 39080

19:29:13.526 [AsyncHttpClient-1-2] DEBUG org.asynchttpclient.netty.channel.ChannelManager - Adding key: http://localhost:60827 for channel [id: 0x8a3d0858, L:/127.0.0.1:57096 - R:localhost/127.0.0.1:60827]
19:29:13.538 [main] DEBUG net.serenitybdd.core.photography.Darkroom - Send negative for processing for target\site\serenity\e81426a3f8c6bd3c8d74d3c8c9474674f2e058d98bd639a3c73242ccead6774c.png
19:29:13.539 [Darkroom Processing Line] DEBUG net.serenitybdd.core.photography.DarkroomProcessingLine - Processing screenshot image in /var/screenshots/screenshot-7781663574543670812
19:29:13.539 [Darkroom Processing Line] DEBUG net.serenitybdd.core.photography.DarkroomProcessingLine - Saving screenshot to target\site\serenity\e81426a3f8c6bd3c8d74d3c8c9474674f2e058d98bd639a3c73242ccead6774c.png
19:29:13.572 [Forwarding findElement on session 961f6b6eae9213599df7db29cc3e2163 to remote] DEBUG org.asynchttpclient.netty.request.NettyRequestSender - Using pooled Channel '[id: 0x8a3d0858, L:/127.0.0.1:57096 - R:localhost/127.0.0.1:60827]' for 'POST' to 'http://localhost:60827/session/961f6b6eae9213599df7db29cc3e2163/element'
19:29:13.572 [Forwarding findElement on session 961f6b6eae9213599df7db29cc3e2163 to remote] DEBUG org.asynchttpclient.netty.request.NettyRequestSender - Using open Channel [id: 0x8a3d0858, L:/127.0.0.1:57096 - R:localhost/127.0.0.1:60827] for POST '/session/961f6b6eae9213599df7db29cc3e2163/element'
19:29:14.583 [AsyncHttpClient-1-1] DEBUG org.asynchttpclient.netty.channel.DefaultChannelPool - Entry count for : http://localhost:57098 : 1
19:29:15.687 [AsyncHttpClient-1-1] DEBUG org.asynchttpclient.netty.channel.DefaultChannelPool - Entry count for : http://localhost:57098 : 1
19:29:16.784 [AsyncHttpClient-1-1] DEBUG org.asynchttpclient.netty.channel.DefaultChannelPool - Entry count for : http://localhost:57098 : 1
19:29:17.886 [AsyncHttpClient-1-1] DEBUG org.asynchttpclient.netty.channel.DefaultChannelPool - Entry count for : http://localhost:57098 : 1
19:29:18.982 [AsyncHttpClient-1-1] DEBUG org.asynchttpclient.netty.channel.DefaultChannelPool - Entry count for : http://localhost:57098 : 1
19:29:20.037 [AsyncHttpClient-1-2] DEBUG org.asynchttpclient.netty.handler.HttpHandler - 

Request DefaultHttpRequest(decodeResult: success, version: HTTP/1.1)
POST /session/961f6b6eae9213599df7db29cc3e2163/element HTTP/1.1
User-Agent: selenium/4.1.2 (java windows)
Content-Length: 85
Content-Type: application/json; charset=utf-8
host: localhost:60827
accept: */*

Response DefaultHttpResponse(decodeResult: success, version: HTTP/1.1)
HTTP/1.1 200 OK
Content-Type: application/json; charset=utf-8
cache-control: no-cache
content-length: 88

19:29:20.037 [AsyncHttpClient-1-2] DEBUG org.asynchttpclient.netty.channel.ChannelManager - Adding key: http://localhost:60827 for channel [id: 0x8a3d0858, L:/127.0.0.1:57096 - R:localhost/127.0.0.1:60827]
19:29:20.043 [Forwarding getElementTagName on session 961f6b6eae9213599df7db29cc3e2163 to remote] DEBUG org.asynchttpclient.netty.request.NettyRequestSender - Using pooled Channel '[id: 0x8a3d0858, L:/127.0.0.1:57096 - R:localhost/127.0.0.1:60827]' for 'GET' to 'http://localhost:60827/session/961f6b6eae9213599df7db29cc3e2163/element/73981b15-18cc-4712-b119-8044abe2a78c/name'
19:29:20.044 [Forwarding getElementTagName on session 961f6b6eae9213599df7db29cc3e2163 to remote] DEBUG org.asynchttpclient.netty.request.NettyRequestSender - Using open Channel [id: 0x8a3d0858, L:/127.0.0.1:57096 - R:localhost/127.0.0.1:60827] for GET '/session/961f6b6eae9213599df7db29cc3e2163/element/73981b15-18cc-4712-b119-8044abe2a78c/name'
19:29:20.053 [AsyncHttpClient-1-2] DEBUG org.asynchttpclient.netty.handler.HttpHandler - 

Request DefaultFullHttpRequest(decodeResult: success, version: HTTP/1.1, content: EmptyByteBufBE)
GET /session/961f6b6eae9213599df7db29cc3e2163/element/73981b15-18cc-4712-b119-8044abe2a78c/name HTTP/1.1
User-Agent: selenium/4.1.2 (java windows)
Cache-Control: no-cache
Content-Type: application/json; charset=utf-8
host: localhost:60827
accept: */*

Response DefaultHttpResponse(decodeResult: success, version: HTTP/1.1)
HTTP/1.1 200 OK
Content-Type: application/json; charset=utf-8
cache-control: no-cache
content-length: 16

19:29:20.053 [AsyncHttpClient-1-2] DEBUG org.asynchttpclient.netty.channel.ChannelManager - Adding key: http://localhost:60827 for channel [id: 0x8a3d0858, L:/127.0.0.1:57096 - R:localhost/127.0.0.1:60827]
19:29:20.056 [Forwarding getElementTagName on session 961f6b6eae9213599df7db29cc3e2163 to remote] DEBUG org.asynchttpclient.netty.request.NettyRequestSender - Using pooled Channel '[id: 0x8a3d0858, L:/127.0.0.1:57096 - R:localhost/127.0.0.1:60827]' for 'GET' to 'http://localhost:60827/session/961f6b6eae9213599df7db29cc3e2163/element/73981b15-18cc-4712-b119-8044abe2a78c/name'
19:29:20.057 [Forwarding getElementTagName on session 961f6b6eae9213599df7db29cc3e2163 to remote] DEBUG org.asynchttpclient.netty.request.NettyRequestSender - Using open Channel [id: 0x8a3d0858, L:/127.0.0.1:57096 - R:localhost/127.0.0.1:60827] for GET '/session/961f6b6eae9213599df7db29cc3e2163/element/73981b15-18cc-4712-b119-8044abe2a78c/name'
19:29:20.063 [AsyncHttpClient-1-2] DEBUG org.asynchttpclient.netty.handler.HttpHandler - 

Request DefaultFullHttpRequest(decodeResult: success, version: HTTP/1.1, content: EmptyByteBufBE)
GET /session/961f6b6eae9213599df7db29cc3e2163/element/73981b15-18cc-4712-b119-8044abe2a78c/name HTTP/1.1
User-Agent: selenium/4.1.2 (java windows)
Cache-Control: no-cache
Content-Type: application/json; charset=utf-8
host: localhost:60827
accept: */*

Response DefaultHttpResponse(decodeResult: success, version: HTTP/1.1)
HTTP/1.1 200 OK
Content-Type: application/json; charset=utf-8
cache-control: no-cache
content-length: 16

19:29:20.064 [AsyncHttpClient-1-2] DEBUG org.asynchttpclient.netty.channel.ChannelManager - Adding key: http://localhost:60827 for channel [id: 0x8a3d0858, L:/127.0.0.1:57096 - R:localhost/127.0.0.1:60827]
19:29:20.071 [Forwarding findElement on session 961f6b6eae9213599df7db29cc3e2163 to remote] DEBUG org.asynchttpclient.netty.request.NettyRequestSender - Using pooled Channel '[id: 0x8a3d0858, L:/127.0.0.1:57096 - R:localhost/127.0.0.1:60827]' for 'POST' to 'http://localhost:60827/session/961f6b6eae9213599df7db29cc3e2163/element'
19:29:20.071 [Forwarding findElement on session 961f6b6eae9213599df7db29cc3e2163 to remote] DEBUG org.asynchttpclient.netty.request.NettyRequestSender - Using open Channel [id: 0x8a3d0858, L:/127.0.0.1:57096 - R:localhost/127.0.0.1:60827] for POST '/session/961f6b6eae9213599df7db29cc3e2163/element'
19:29:20.084 [AsyncHttpClient-1-1] DEBUG org.asynchttpclient.netty.channel.DefaultChannelPool - Entry count for : http://localhost:57098 : 1
19:29:20.115 [AsyncHttpClient-1-2] DEBUG org.asynchttpclient.netty.handler.HttpHandler - 

Request DefaultHttpRequest(decodeResult: success, version: HTTP/1.1)
POST /session/961f6b6eae9213599df7db29cc3e2163/element HTTP/1.1
User-Agent: selenium/4.1.2 (java windows)
Content-Length: 85
Content-Type: application/json; charset=utf-8
host: localhost:60827
accept: */*

Response DefaultHttpResponse(decodeResult: success, version: HTTP/1.1)
HTTP/1.1 200 OK
Content-Type: application/json; charset=utf-8
cache-control: no-cache
content-length: 88

19:29:20.116 [AsyncHttpClient-1-2] DEBUG org.asynchttpclient.netty.channel.ChannelManager - Adding key: http://localhost:60827 for channel [id: 0x8a3d0858, L:/127.0.0.1:57096 - R:localhost/127.0.0.1:60827]
19:29:20.124 [Forwarding clickElement on session 961f6b6eae9213599df7db29cc3e2163 to remote] DEBUG org.asynchttpclient.netty.request.NettyRequestSender - Using pooled Channel '[id: 0x8a3d0858, L:/127.0.0.1:57096 - R:localhost/127.0.0.1:60827]' for 'POST' to 'http://localhost:60827/session/961f6b6eae9213599df7db29cc3e2163/element/73981b15-18cc-4712-b119-8044abe2a78c/click'
19:29:20.125 [Forwarding clickElement on session 961f6b6eae9213599df7db29cc3e2163 to remote] DEBUG org.asynchttpclient.netty.request.NettyRequestSender - Using open Channel [id: 0x8a3d0858, L:/127.0.0.1:57096 - R:localhost/127.0.0.1:60827] for POST '/session/961f6b6eae9213599df7db29cc3e2163/element/73981b15-18cc-4712-b119-8044abe2a78c/click'
19:29:20.350 [AsyncHttpClient-1-2] DEBUG org.asynchttpclient.netty.handler.HttpHandler - 

Request DefaultHttpRequest(decodeResult: success, version: HTTP/1.1)
POST /session/961f6b6eae9213599df7db29cc3e2163/element/73981b15-18cc-4712-b119-8044abe2a78c/click HTTP/1.1
User-Agent: selenium/4.1.2 (java windows)
Content-Length: 50
Content-Type: application/json; charset=utf-8
host: localhost:60827
accept: */*

Response DefaultHttpResponse(decodeResult: success, version: HTTP/1.1)
HTTP/1.1 200 OK
Content-Type: application/json; charset=utf-8
cache-control: no-cache
content-length: 14

19:29:20.351 [AsyncHttpClient-1-2] DEBUG org.asynchttpclient.netty.channel.ChannelManager - Adding key: http://localhost:60827 for channel [id: 0x8a3d0858, L:/127.0.0.1:57096 - R:localhost/127.0.0.1:60827]
  &amp#27;[32mWhen &amp#27;[0m&amp#27;[32mI buy product&amp#27;[0m                      &amp#27;[90m# starter.stepdefinitions.CartSteps.iBuyProduct()&amp#27;[0m
19:29:20.374 [Forwarding screenshot on session 961f6b6eae9213599df7db29cc3e2163 to remote] DEBUG org.asynchttpclient.netty.request.NettyRequestSender - Using pooled Channel '[id: 0x8a3d0858, L:/127.0.0.1:57096 - R:localhost/127.0.0.1:60827]' for 'GET' to 'http://localhost:60827/session/961f6b6eae9213599df7db29cc3e2163/screenshot'
19:29:20.374 [Forwarding screenshot on session 961f6b6eae9213599df7db29cc3e2163 to remote] DEBUG org.asynchttpclient.netty.request.NettyRequestSender - Using open Channel [id: 0x8a3d0858, L:/127.0.0.1:57096 - R:localhost/127.0.0.1:60827] for GET '/session/961f6b6eae9213599df7db29cc3e2163/screenshot'
19:29:20.949 [AsyncHttpClient-1-2] DEBUG org.asynchttpclient.netty.handler.HttpHandler - 

Request DefaultFullHttpRequest(decodeResult: success, version: HTTP/1.1, content: EmptyByteBufBE)
GET /session/961f6b6eae9213599df7db29cc3e2163/screenshot HTTP/1.1
User-Agent: selenium/4.1.2 (java windows)
Cache-Control: no-cache
Content-Type: application/json; charset=utf-8
host: localhost:60827
accept: */*

Response DefaultHttpResponse(decodeResult: success, version: HTTP/1.1)
HTTP/1.1 200 OK
Content-Type: application/json; charset=utf-8
cache-control: no-cache
content-length: 76444

19:29:20.952 [AsyncHttpClient-1-2] DEBUG org.asynchttpclient.netty.channel.ChannelManager - Adding key: http://localhost:60827 for channel [id: 0x8a3d0858, L:/127.0.0.1:57096 - R:localhost/127.0.0.1:60827]
19:29:20.972 [main] DEBUG net.serenitybdd.core.photography.Darkroom - Send negative for processing for target\site\serenity\50889cdc5110ac14ea31100e7d01980d604419cfac2ad18135ee2688fa65ff85.png
19:29:20.972 [Darkroom Processing Line] DEBUG net.serenitybdd.core.photography.DarkroomProcessingLine - Processing screenshot image in /var/screenshots/screenshot-155656257089185580
19:29:20.972 [Darkroom Processing Line] DEBUG net.serenitybdd.core.photography.DarkroomProcessingLine - Saving screenshot to target\site\serenity\50889cdc5110ac14ea31100e7d01980d604419cfac2ad18135ee2688fa65ff85.png
19:29:20.999 [Forwarding findElement on session 961f6b6eae9213599df7db29cc3e2163 to remote] DEBUG org.asynchttpclient.netty.request.NettyRequestSender - Using pooled Channel '[id: 0x8a3d0858, L:/127.0.0.1:57096 - R:localhost/127.0.0.1:60827]' for 'POST' to 'http://localhost:60827/session/961f6b6eae9213599df7db29cc3e2163/element'
19:29:21.000 [Forwarding findElement on session 961f6b6eae9213599df7db29cc3e2163 to remote] DEBUG org.asynchttpclient.netty.request.NettyRequestSender - Using open Channel [id: 0x8a3d0858, L:/127.0.0.1:57096 - R:localhost/127.0.0.1:60827] for POST '/session/961f6b6eae9213599df7db29cc3e2163/element'
19:29:21.027 [AsyncHttpClient-1-2] DEBUG org.asynchttpclient.netty.handler.HttpHandler - 

Request DefaultHttpRequest(decodeResult: success, version: HTTP/1.1)
POST /session/961f6b6eae9213599df7db29cc3e2163/element HTTP/1.1
User-Agent: selenium/4.1.2 (java windows)
Content-Length: 88
Content-Type: application/json; charset=utf-8
host: localhost:60827
accept: */*

Response DefaultHttpResponse(decodeResult: success, version: HTTP/1.1)
HTTP/1.1 200 OK
Content-Type: application/json; charset=utf-8
cache-control: no-cache
content-length: 88

19:29:21.028 [AsyncHttpClient-1-2] DEBUG org.asynchttpclient.netty.channel.ChannelManager - Adding key: http://localhost:60827 for channel [id: 0x8a3d0858, L:/127.0.0.1:57096 - R:localhost/127.0.0.1:60827]
19:29:21.031 [Forwarding getElementTagName on session 961f6b6eae9213599df7db29cc3e2163 to remote] DEBUG org.asynchttpclient.netty.request.NettyRequestSender - Using pooled Channel '[id: 0x8a3d0858, L:/127.0.0.1:57096 - R:localhost/127.0.0.1:60827]' for 'GET' to 'http://localhost:60827/session/961f6b6eae9213599df7db29cc3e2163/element/d0f988e4-6909-4fcb-a31a-cab8da646393/name'
19:29:21.031 [Forwarding getElementTagName on session 961f6b6eae9213599df7db29cc3e2163 to remote] DEBUG org.asynchttpclient.netty.request.NettyRequestSender - Using open Channel [id: 0x8a3d0858, L:/127.0.0.1:57096 - R:localhost/127.0.0.1:60827] for GET '/session/961f6b6eae9213599df7db29cc3e2163/element/d0f988e4-6909-4fcb-a31a-cab8da646393/name'
19:29:21.037 [AsyncHttpClient-1-2] DEBUG org.asynchttpclient.netty.handler.HttpHandler - 

Request DefaultFullHttpRequest(decodeResult: success, version: HTTP/1.1, content: EmptyByteBufBE)
GET /session/961f6b6eae9213599df7db29cc3e2163/element/d0f988e4-6909-4fcb-a31a-cab8da646393/name HTTP/1.1
User-Agent: selenium/4.1.2 (java windows)
Cache-Control: no-cache
Content-Type: application/json; charset=utf-8
host: localhost:60827
accept: */*

Response DefaultHttpResponse(decodeResult: success, version: HTTP/1.1)
HTTP/1.1 200 OK
Content-Type: application/json; charset=utf-8
cache-control: no-cache
content-length: 13

19:29:21.038 [AsyncHttpClient-1-2] DEBUG org.asynchttpclient.netty.channel.ChannelManager - Adding key: http://localhost:60827 for channel [id: 0x8a3d0858, L:/127.0.0.1:57096 - R:localhost/127.0.0.1:60827]
19:29:21.041 [Forwarding getElementTagName on session 961f6b6eae9213599df7db29cc3e2163 to remote] DEBUG org.asynchttpclient.netty.request.NettyRequestSender - Using pooled Channel '[id: 0x8a3d0858, L:/127.0.0.1:57096 - R:localhost/127.0.0.1:60827]' for 'GET' to 'http://localhost:60827/session/961f6b6eae9213599df7db29cc3e2163/element/d0f988e4-6909-4fcb-a31a-cab8da646393/name'
19:29:21.041 [Forwarding getElementTagName on session 961f6b6eae9213599df7db29cc3e2163 to remote] DEBUG org.asynchttpclient.netty.request.NettyRequestSender - Using open Channel [id: 0x8a3d0858, L:/127.0.0.1:57096 - R:localhost/127.0.0.1:60827] for GET '/session/961f6b6eae9213599df7db29cc3e2163/element/d0f988e4-6909-4fcb-a31a-cab8da646393/name'
19:29:21.047 [AsyncHttpClient-1-2] DEBUG org.asynchttpclient.netty.handler.HttpHandler - 

Request DefaultFullHttpRequest(decodeResult: success, version: HTTP/1.1, content: EmptyByteBufBE)
GET /session/961f6b6eae9213599df7db29cc3e2163/element/d0f988e4-6909-4fcb-a31a-cab8da646393/name HTTP/1.1
User-Agent: selenium/4.1.2 (java windows)
Cache-Control: no-cache
Content-Type: application/json; charset=utf-8
host: localhost:60827
accept: */*

Response DefaultHttpResponse(decodeResult: success, version: HTTP/1.1)
HTTP/1.1 200 OK
Content-Type: application/json; charset=utf-8
cache-control: no-cache
content-length: 13

19:29:21.047 [AsyncHttpClient-1-2] DEBUG org.asynchttpclient.netty.channel.ChannelManager - Adding key: http://localhost:60827 for channel [id: 0x8a3d0858, L:/127.0.0.1:57096 - R:localhost/127.0.0.1:60827]
19:29:21.051 [Forwarding findElement on session 961f6b6eae9213599df7db29cc3e2163 to remote] DEBUG org.asynchttpclient.netty.request.NettyRequestSender - Using pooled Channel '[id: 0x8a3d0858, L:/127.0.0.1:57096 - R:localhost/127.0.0.1:60827]' for 'POST' to 'http://localhost:60827/session/961f6b6eae9213599df7db29cc3e2163/element'
19:29:21.051 [Forwarding findElement on session 961f6b6eae9213599df7db29cc3e2163 to remote] DEBUG org.asynchttpclient.netty.request.NettyRequestSender - Using open Channel [id: 0x8a3d0858, L:/127.0.0.1:57096 - R:localhost/127.0.0.1:60827] for POST '/session/961f6b6eae9213599df7db29cc3e2163/element'
19:29:21.082 [AsyncHttpClient-1-2] DEBUG org.asynchttpclient.netty.handler.HttpHandler - 

Request DefaultHttpRequest(decodeResult: success, version: HTTP/1.1)
POST /session/961f6b6eae9213599df7db29cc3e2163/element HTTP/1.1
User-Agent: selenium/4.1.2 (java windows)
Content-Length: 88
Content-Type: application/json; charset=utf-8
host: localhost:60827
accept: */*

Response DefaultHttpResponse(decodeResult: success, version: HTTP/1.1)
HTTP/1.1 200 OK
Content-Type: application/json; charset=utf-8
cache-control: no-cache
content-length: 88

19:29:21.082 [AsyncHttpClient-1-2] DEBUG org.asynchttpclient.netty.channel.ChannelManager - Adding key: http://localhost:60827 for channel [id: 0x8a3d0858, L:/127.0.0.1:57096 - R:localhost/127.0.0.1:60827]
19:29:21.084 [Forwarding clickElement on session 961f6b6eae9213599df7db29cc3e2163 to remote] DEBUG org.asynchttpclient.netty.request.NettyRequestSender - Using pooled Channel '[id: 0x8a3d0858, L:/127.0.0.1:57096 - R:localhost/127.0.0.1:60827]' for 'POST' to 'http://localhost:60827/session/961f6b6eae9213599df7db29cc3e2163/element/d0f988e4-6909-4fcb-a31a-cab8da646393/click'
19:29:21.084 [Forwarding clickElement on session 961f6b6eae9213599df7db29cc3e2163 to remote] DEBUG org.asynchttpclient.netty.request.NettyRequestSender - Using open Channel [id: 0x8a3d0858, L:/127.0.0.1:57096 - R:localhost/127.0.0.1:60827] for POST '/session/961f6b6eae9213599df7db29cc3e2163/element/d0f988e4-6909-4fcb-a31a-cab8da646393/click'
19:29:21.183 [AsyncHttpClient-1-1] DEBUG org.asynchttpclient.netty.channel.DefaultChannelPool - Entry count for : http://localhost:57098 : 1
19:29:21.229 [AsyncHttpClient-1-2] DEBUG org.asynchttpclient.netty.handler.HttpHandler - 

Request DefaultHttpRequest(decodeResult: success, version: HTTP/1.1)
POST /session/961f6b6eae9213599df7db29cc3e2163/element/d0f988e4-6909-4fcb-a31a-cab8da646393/click HTTP/1.1
User-Agent: selenium/4.1.2 (java windows)
Content-Length: 50
Content-Type: application/json; charset=utf-8
host: localhost:60827
accept: */*

Response DefaultHttpResponse(decodeResult: success, version: HTTP/1.1)
HTTP/1.1 200 OK
Content-Type: application/json; charset=utf-8
cache-control: no-cache
content-length: 14

19:29:21.230 [AsyncHttpClient-1-2] DEBUG org.asynchttpclient.netty.channel.ChannelManager - Adding key: http://localhost:60827 for channel [id: 0x8a3d0858, L:/127.0.0.1:57096 - R:localhost/127.0.0.1:60827]
  &amp#27;[32mAnd &amp#27;[0m&amp#27;[32mI click cart logo&amp#27;[0m                   &amp#27;[90m# starter.stepdefinitions.CartSteps.iClickCartLogo()&amp#27;[0m
19:29:21.270 [Forwarding screenshot on session 961f6b6eae9213599df7db29cc3e2163 to remote] DEBUG org.asynchttpclient.netty.request.NettyRequestSender - Using pooled Channel '[id: 0x8a3d0858, L:/127.0.0.1:57096 - R:localhost/127.0.0.1:60827]' for 'GET' to 'http://localhost:60827/session/961f6b6eae9213599df7db29cc3e2163/screenshot'
19:29:21.270 [Forwarding screenshot on session 961f6b6eae9213599df7db29cc3e2163 to remote] DEBUG org.asynchttpclient.netty.request.NettyRequestSender - Using open Channel [id: 0x8a3d0858, L:/127.0.0.1:57096 - R:localhost/127.0.0.1:60827] for GET '/session/961f6b6eae9213599df7db29cc3e2163/screenshot'
19:29:22.211 [AsyncHttpClient-1-2] DEBUG org.asynchttpclient.netty.handler.HttpHandler - 

Request DefaultFullHttpRequest(decodeResult: success, version: HTTP/1.1, content: EmptyByteBufBE)
GET /session/961f6b6eae9213599df7db29cc3e2163/screenshot HTTP/1.1
User-Agent: selenium/4.1.2 (java windows)
Cache-Control: no-cache
Content-Type: application/json; charset=utf-8
host: localhost:60827
accept: */*

Response DefaultHttpResponse(decodeResult: success, version: HTTP/1.1)
HTTP/1.1 200 OK
Content-Type: application/json; charset=utf-8
cache-control: no-cache
content-length: 46856

19:29:22.212 [AsyncHttpClient-1-2] DEBUG org.asynchttpclient.netty.channel.ChannelManager - Adding key: http://localhost:60827 for channel [id: 0x8a3d0858, L:/127.0.0.1:57096 - R:localhost/127.0.0.1:60827]
19:29:22.223 [main] DEBUG net.serenitybdd.core.photography.Darkroom - Send negative for processing for target\site\serenity\cf223c48293e200bc373918ede51d3bac9fbfa97b6b78180f391d7a673c594da.png
19:29:22.224 [Darkroom Processing Line] DEBUG net.serenitybdd.core.photography.DarkroomProcessingLine - Processing screenshot image in /var/screenshots/screenshot-9676839311904725279
19:29:22.224 [Darkroom Processing Line] DEBUG net.serenitybdd.core.photography.DarkroomProcessingLine - Saving screenshot to target\site\serenity\cf223c48293e200bc373918ede51d3bac9fbfa97b6b78180f391d7a673c594da.png
19:29:22.246 [Forwarding findElement on session 961f6b6eae9213599df7db29cc3e2163 to remote] DEBUG org.asynchttpclient.netty.request.NettyRequestSender - Using pooled Channel '[id: 0x8a3d0858, L:/127.0.0.1:57096 - R:localhost/127.0.0.1:60827]' for 'POST' to 'http://localhost:60827/session/961f6b6eae9213599df7db29cc3e2163/element'
19:29:22.246 [Forwarding findElement on session 961f6b6eae9213599df7db29cc3e2163 to remote] DEBUG org.asynchttpclient.netty.request.NettyRequestSender - Using open Channel [id: 0x8a3d0858, L:/127.0.0.1:57096 - R:localhost/127.0.0.1:60827] for POST '/session/961f6b6eae9213599df7db29cc3e2163/element'
19:29:22.266 [AsyncHttpClient-1-2] DEBUG org.asynchttpclient.netty.handler.HttpHandler - 

Request DefaultHttpRequest(decodeResult: success, version: HTTP/1.1)
POST /session/961f6b6eae9213599df7db29cc3e2163/element HTTP/1.1
User-Agent: selenium/4.1.2 (java windows)
Content-Length: 89
Content-Type: application/json; charset=utf-8
host: localhost:60827
accept: */*

Response DefaultHttpResponse(decodeResult: success, version: HTTP/1.1)
HTTP/1.1 200 OK
Content-Type: application/json; charset=utf-8
cache-control: no-cache
content-length: 88

19:29:22.268 [AsyncHttpClient-1-2] DEBUG org.asynchttpclient.netty.channel.ChannelManager - Adding key: http://localhost:60827 for channel [id: 0x8a3d0858, L:/127.0.0.1:57096 - R:localhost/127.0.0.1:60827]
19:29:22.279 [Forwarding isElementDisplayed on session 961f6b6eae9213599df7db29cc3e2163 to remote] DEBUG org.asynchttpclient.netty.request.NettyRequestSender - Using pooled Channel '[id: 0x8a3d0858, L:/127.0.0.1:57096 - R:localhost/127.0.0.1:60827]' for 'POST' to 'http://localhost:60827/session/961f6b6eae9213599df7db29cc3e2163/execute/sync'
19:29:22.279 [Forwarding isElementDisplayed on session 961f6b6eae9213599df7db29cc3e2163 to remote] DEBUG org.asynchttpclient.netty.request.NettyRequestSender - Using open Channel [id: 0x8a3d0858, L:/127.0.0.1:57096 - R:localhost/127.0.0.1:60827] for POST '/session/961f6b6eae9213599df7db29cc3e2163/execute/sync'
19:29:22.282 [AsyncHttpClient-1-1] DEBUG org.asynchttpclient.netty.channel.DefaultChannelPool - Entry count for : http://localhost:57098 : 1
19:29:22.382 [AsyncHttpClient-1-2] DEBUG org.asynchttpclient.netty.handler.HttpHandler - 

Request DefaultHttpRequest(decodeResult: success, version: HTTP/1.1)
POST /session/961f6b6eae9213599df7db29cc3e2163/execute/sync HTTP/1.1
User-Agent: selenium/4.1.2 (java windows)
Content-Length: 48780
Content-Type: application/json; charset=utf-8
host: localhost:60827
accept: */*

Response DefaultHttpResponse(decodeResult: success, version: HTTP/1.1)
HTTP/1.1 200 OK
Content-Type: application/json; charset=utf-8
cache-control: no-cache
content-length: 14

19:29:22.382 [AsyncHttpClient-1-2] DEBUG org.asynchttpclient.netty.channel.ChannelManager - Adding key: http://localhost:60827 for channel [id: 0x8a3d0858, L:/127.0.0.1:57096 - R:localhost/127.0.0.1:60827]
  &amp#27;[32mThen &amp#27;[0m&amp#27;[32mI see my cart filled with products&amp#27;[0m &amp#27;[90m# starter.stepdefinitions.CartSteps.iSeeMyCartFilledWithProducts()&amp#27;[0m
19:29:22.394 [Forwarding screenshot on session 961f6b6eae9213599df7db29cc3e2163 to remote] DEBUG org.asynchttpclient.netty.request.NettyRequestSender - Using pooled Channel '[id: 0x8a3d0858, L:/127.0.0.1:57096 - R:localhost/127.0.0.1:60827]' for 'GET' to 'http://localhost:60827/session/961f6b6eae9213599df7db29cc3e2163/screenshot'
19:29:22.396 [Forwarding screenshot on session 961f6b6eae9213599df7db29cc3e2163 to remote] DEBUG org.asynchttpclient.netty.request.NettyRequestSender - Using open Channel [id: 0x8a3d0858, L:/127.0.0.1:57096 - R:localhost/127.0.0.1:60827] for GET '/session/961f6b6eae9213599df7db29cc3e2163/screenshot'
19:29:22.664 [AsyncHttpClient-1-2] DEBUG org.asynchttpclient.netty.handler.HttpHandler - 

Request DefaultFullHttpRequest(decodeResult: success, version: HTTP/1.1, content: EmptyByteBufBE)
GET /session/961f6b6eae9213599df7db29cc3e2163/screenshot HTTP/1.1
User-Agent: selenium/4.1.2 (java windows)
Cache-Control: no-cache
Content-Type: application/json; charset=utf-8
host: localhost:60827
accept: */*

Response DefaultHttpResponse(decodeResult: success, version: HTTP/1.1)
HTTP/1.1 200 OK
Content-Type: application/json; charset=utf-8
cache-control: no-cache
content-length: 46856

19:29:22.665 [AsyncHttpClient-1-2] DEBUG org.asynchttpclient.netty.channel.ChannelManager - Adding key: http://localhost:60827 for channel [id: 0x8a3d0858, L:/127.0.0.1:57096 - R:localhost/127.0.0.1:60827]
19:29:22.670 [main] DEBUG net.serenitybdd.core.photography.Darkroom - Send negative for processing for target\site\serenity\cf223c48293e200bc373918ede51d3bac9fbfa97b6b78180f391d7a673c594da.png
19:29:22.678 [main] INFO  - 
  _____   ___   ___   _____     ___     _     ___   ___   ___   ___  
 |_   _| | __| / __| |_   _|   | _ \   /_\   / __| / __| | __| |   \ 
   | |   | _|  \__ \   | |     |  _/  / _ \  \__ \ \__ \ | _|  | |) |
   |_|   |___| |___/   |_|     |_|   /_/ \_\ |___/ |___/ |___| |___/ 

View Cart Detail (filled)
----------------------------------------------------------------------
19:29:22.946 [Driver Command Executor] DEBUG org.asynchttpclient.netty.request.NettyRequestSender - Using pooled Channel '[id: 0x8a3d0858, L:/127.0.0.1:57096 - R:localhost/127.0.0.1:60827]' for 'DELETE' to 'http://localhost:60827/session/961f6b6eae9213599df7db29cc3e2163'
19:29:22.946 [Driver Command Executor] DEBUG org.asynchttpclient.netty.request.NettyRequestSender - Using open Channel [id: 0x8a3d0858, L:/127.0.0.1:57096 - R:localhost/127.0.0.1:60827] for DELETE '/session/961f6b6eae9213599df7db29cc3e2163'
19:29:22.948 [AsyncHttpClient-1-4] DEBUG org.asynchttpclient.netty.handler.WebSocketHandler - Channel Closed: [id: 0xbf7ba103, L:/127.0.0.1:57107 ! R:localhost/127.0.0.1:57098] with attribute NettyResponseFuture{currentRetry=5,
	isDone=1,
	isCancelled=0,
	asyncHandler=org.asynchttpclient.ws.WebSocketUpgradeHandler@2700be6a,
	nettyRequest=org.asynchttpclient.netty.request.NettyRequest@1f565ef0,
	future=java.util.concurrent.CompletableFuture@649b37d6[Completed normally],
	uri=ws://localhost:57098/devtools/browser/12fe86a5-62be-4be0-989f-b9255716646f,
	keepAlive=true,
	redirectCount=0,
	timeoutsHolder=null,
	inAuth=0,
	touch=1667996946796}
19:29:22.949 [AsyncHttpClient-1-4] DEBUG org.asynchttpclient.netty.channel.ChannelManager - Closing Channel [id: 0xbf7ba103, L:/127.0.0.1:57107 ! R:localhost/127.0.0.1:57098] 
19:29:23.030 [AsyncHttpClient-1-3] DEBUG org.asynchttpclient.netty.handler.HttpHandler - Unexpected I/O exception on channel [id: 0xd062fdaa, L:/127.0.0.1:57106 - R:localhost/127.0.0.1:57098]
java.net.SocketException: Connection reset
	at java.base/sun.nio.ch.SocketChannelImpl.throwConnectionReset(SocketChannelImpl.java:345)
	at java.base/sun.nio.ch.SocketChannelImpl.read(SocketChannelImpl.java:376)
	at io.netty.buffer.PooledByteBuf.setBytes(PooledByteBuf.java:258)
	at io.netty.buffer.AbstractByteBuf.writeBytes(AbstractByteBuf.java:1132)
	at io.netty.channel.socket.nio.NioSocketChannel.doReadBytes(NioSocketChannel.java:350)
	at io.netty.channel.nio.AbstractNioByteChannel$NioByteUnsafe.read(AbstractNioByteChannel.java:151)
	at io.netty.channel.nio.NioEventLoop.processSelectedKey(NioEventLoop.java:722)
	at io.netty.channel.nio.NioEventLoop.processSelectedKeysOptimized(NioEventLoop.java:658)
	at io.netty.channel.nio.NioEventLoop.processSelectedKeys(NioEventLoop.java:584)
	at io.netty.channel.nio.NioEventLoop.run(NioEventLoop.java:496)
	at io.netty.util.concurrent.SingleThreadEventExecutor$4.run(SingleThreadEventExecutor.java:986)
	at io.netty.util.internal.ThreadExecutorMap$2.run(ThreadExecutorMap.java:74)
	at io.netty.util.concurrent.FastThreadLocalRunnable.run(FastThreadLocalRunnable.java:30)
	at java.base/java.lang.Thread.run(Thread.java:830)
19:29:23.032 [AsyncHttpClient-1-3] DEBUG org.asynchttpclient.netty.channel.ChannelManager - Closing Channel [id: 0xd062fdaa, L:/127.0.0.1:57106 - R:localhost/127.0.0.1:57098] 
19:29:23.037 [AsyncHttpClient-1-3] DEBUG org.asynchttpclient.netty.handler.HttpHandler - Channel Closed: [id: 0xd062fdaa, L:/127.0.0.1:57106 ! R:localhost/127.0.0.1:57098] with attribute DISCARD
19:29:23.084 [AsyncHttpClient-1-2] DEBUG org.asynchttpclient.netty.handler.HttpHandler - 

Request DefaultFullHttpRequest(decodeResult: success, version: HTTP/1.1, content: EmptyByteBufBE)
DELETE /session/961f6b6eae9213599df7db29cc3e2163 HTTP/1.1
User-Agent: selenium/4.1.2 (java windows)
Content-Type: application/json; charset=utf-8
host: localhost:60827
accept: */*

Response DefaultHttpResponse(decodeResult: success, version: HTTP/1.1)
HTTP/1.1 200 OK
Content-Type: application/json; charset=utf-8
cache-control: no-cache
content-length: 14

19:29:23.085 [AsyncHttpClient-1-2] DEBUG org.asynchttpclient.netty.channel.ChannelManager - Adding key: http://localhost:60827 for channel [id: 0x8a3d0858, L:/127.0.0.1:57096 - R:localhost/127.0.0.1:60827]
19:29:23.205 [AsyncHttpClient-1-2] DEBUG org.asynchttpclient.netty.handler.HttpHandler - Channel Closed: [id: 0x8a3d0858, L:/127.0.0.1:57096 ! R:localhost/127.0.0.1:60827] with attribute DISCARD
19:29:23.383 [AsyncHttpClient-1-1] DEBUG org.asynchttpclient.netty.channel.DefaultChannelPool - Entry count for : http://localhost:60827 : 1
19:29:23.384 [AsyncHttpClient-1-1] DEBUG org.asynchttpclient.netty.channel.DefaultChannelPool - Entry count for : http://localhost:57098 : 1
19:29:23.384 [AsyncHttpClient-1-1] DEBUG org.asynchttpclient.netty.channel.DefaultChannelPool - Adding Candidate expired Channel [id: 0x8a3d0858, L:/127.0.0.1:57096 ! R:localhost/127.0.0.1:60827] isIdleTimeoutExpired=false isRemotelyClosed=true isTtlExpired=false
19:29:23.385 [AsyncHttpClient-1-1] DEBUG org.asynchttpclient.netty.channel.DefaultChannelPool - Closing Idle Channel [id: 0x8a3d0858, L:/127.0.0.1:57096 ! R:localhost/127.0.0.1:60827]
19:29:23.387 [AsyncHttpClient-1-1] DEBUG org.asynchttpclient.netty.channel.DefaultChannelPool - Adding Candidate expired Channel [id: 0xd062fdaa, L:/127.0.0.1:57106 ! R:localhost/127.0.0.1:57098] isIdleTimeoutExpired=false isRemotelyClosed=true isTtlExpired=false
19:29:23.387 [AsyncHttpClient-1-1] DEBUG org.asynchttpclient.netty.channel.DefaultChannelPool - Closing Idle Channel [id: 0xd062fdaa, L:/127.0.0.1:57106 ! R:localhost/127.0.0.1:57098]
19:29:23.387 [AsyncHttpClient-1-1] DEBUG org.asynchttpclient.netty.channel.DefaultChannelPool - Closed 2 connections out of 2 in 3 ms
]]></system-out>
    <system-err><![CDATA[Starting ChromeDriver 106.0.5249.61 (511755355844955cd3e264779baf0dd38212a4d0-refs/branch-heads/5249@{#569}) on port 60827
Only local connections are allowed.
Please see https://chromedriver.chromium.org/security-considerations for suggestions on keeping ChromeDriver safe.
ChromeDriver was started successfully.
[1667996944.685][WARNING]: This version of ChromeDriver has not been tested with Chrome version 107.
Nov 09, 2022 7:29:06 PM org.openqa.selenium.remote.ProtocolHandshake createSession
INFO: Detected dialect: W3C
Nov 09, 2022 7:29:06 PM org.openqa.selenium.devtools.CdpVersionFinder findNearestMatch
WARNING: Unable to find an exact match for CDP version 107, so returning the closest version found: a no-op implementation
Nov 09, 2022 7:29:06 PM org.openqa.selenium.devtools.CdpVersionFinder findNearestMatch
INFO: Unable to find CDP implementation matching 107.
Nov 09, 2022 7:29:06 PM org.openqa.selenium.chromium.ChromiumDriver lambda$new$3
WARNING: Unable to find version of CDP to use for . You may need to include a dependency on a specific version of the CDP using something similar to `org.seleniumhq.selenium:selenium-devtools-v86:4.1.2` where the version ("v86") matches the version of the chromium-based browser you're using and the version number of the artifact is the same as Selenium's.
]]></system-err>
  </testcase>
  <testcase name="View Cart Detail (empty)" classname="Manage Cart" time="9.808">
    <system-out><![CDATA[
@Cart
Scenario: View Cart Detail (empty) &amp#27;[90m# src/test/resources/features/Cart.feature:13&amp#27;[0m
19:29:23.781 [main] INFO io.cucumber.core.plugin.SerenityReporter - Running feature from file:///C:/Users/ASUS/Desktop/stupen/miniproject/Web/ASWeb/src/test/resources/features/Cart.feature
19:29:23.808 [main] INFO  - 
  _____   ___   ___   _____     ___   _____     _     ___   _____   ___   ___  
 |_   _| | __| / __| |_   _|   / __| |_   _|   /_\   | _ \ |_   _| | __| |   \ 
   | |   | _|  \__ \   | |     \__ \   | |    / _ \  |   /   | |   | _|  | |) |
   |_|   |___| |___/   |_|     |___/   |_|   /_/ \_\ |_|_\   |_|   |___| |___/ 

View Cart Detail (empty)(manage-cart;view-cart-detail-(empty))
--------------------------------------------------------------------------------
19:29:23.858 [main] INFO net.serenitybdd.core.webdriver.driverproviders.ChromeDriverProvider - Using automatically driver download
19:29:24.261 [main] DEBUG io.github.bonigarcia.wdm.cache.ResolutionCache - Resolution chrome=107 in cache (valid until 20:17:59 09/11/2022 WIB)
19:29:24.278 [main] DEBUG io.github.bonigarcia.wdm.cache.ResolutionCache - Resolution chrome107=107.0.5304.62 in cache (valid until 19:17:59 10/11/2022 WIB)
19:29:24.285 [main] INFO io.github.bonigarcia.wdm.WebDriverManager - Using chromedriver 107.0.5304.62 (resolved driver for Chrome 107)
19:29:24.322 [main] DEBUG io.github.bonigarcia.wdm.WebDriverManager - Driver chromedriver 107.0.5304.62 found in cache
19:29:24.325 [main] INFO io.github.bonigarcia.wdm.WebDriverManager - Exporting webdriver.chrome.driver as C:\Users\ASUS\.cache\selenium\chromedriver\win32\107.0.5304.62\chromedriver.exe
19:29:24.674 [main] DEBUG net.serenitybdd.core.webdriver.driverproviders.ProvideNewDriver - Instantiating driver
19:29:24.674 [main] DEBUG net.serenitybdd.core.webdriver.driverproviders.ProvideNewDriver - Driver capabilities: Capabilities {acceptInsecureCerts: false, base.url: https://alta-shop.vercel.app/, browserName: chrome, chrome.driver: src/test/resources/webdrive..., driver: chrome, goog:chromeOptions: {args: [], extensions: []}, wait.for.timeout: 10000}
19:29:25.307 [AsyncHttpClient-1-5] DEBUG org.asynchttpclient.netty.channel.NettyConnectListener - Using new Channel '[id: 0x9f14340f, L:/127.0.0.1:57133 - R:localhost/127.0.0.1:53842]' for 'POST' to '/session'
19:29:27.939 [AsyncHttpClient-1-5] DEBUG org.asynchttpclient.netty.handler.HttpHandler - 

Request DefaultHttpRequest(decodeResult: success, version: HTTP/1.1)
POST /session HTTP/1.1
User-Agent: selenium/4.1.2 (java windows)
Content-Length: 646
Content-Type: application/json; charset=utf-8
host: localhost:53842
accept: */*

Response DefaultHttpResponse(decodeResult: success, version: HTTP/1.1)
HTTP/1.1 200 OK
Content-Type: application/json; charset=utf-8
cache-control: no-cache
content-length: 789

19:29:27.940 [AsyncHttpClient-1-5] DEBUG org.asynchttpclient.netty.channel.ChannelManager - Adding key: http://localhost:53842 for channel [id: 0x9f14340f, L:/127.0.0.1:57133 - R:localhost/127.0.0.1:53842]
19:29:27.989 [AsyncHttpClient-1-6] DEBUG org.asynchttpclient.netty.channel.NettyConnectListener - Using new Channel '[id: 0x8e50b61a, L:/127.0.0.1:57142 - R:localhost/127.0.0.1:57134]' for 'GET' to '/json/version'
19:29:28.002 [AsyncHttpClient-1-6] DEBUG org.asynchttpclient.netty.handler.HttpHandler - 

Request DefaultFullHttpRequest(decodeResult: success, version: HTTP/1.1, content: EmptyByteBufBE)
GET /json/version HTTP/1.1
User-Agent: selenium/4.1.2 (java windows)
host: localhost:57134
accept: */*

Response DefaultHttpResponse(decodeResult: success, version: HTTP/1.1)
HTTP/1.1 200 OK
Content-Type: application/json; charset=UTF-8
content-length: 423

19:29:28.003 [AsyncHttpClient-1-6] DEBUG org.asynchttpclient.netty.channel.ChannelManager - Adding key: http://localhost:57134 for channel [id: 0x8e50b61a, L:/127.0.0.1:57142 - R:localhost/127.0.0.1:57134]
19:29:28.014 [AsyncHttpClient-1-7] DEBUG org.asynchttpclient.netty.channel.NettyConnectListener - Using new Channel '[id: 0x3e692719, L:/127.0.0.1:57143 - R:localhost/127.0.0.1:57134]' for 'GET' to '/devtools/browser/fc7859ac-c5c5-4f43-a5c8-9666969817d1'
19:29:28.033 [AsyncHttpClient-1-7] DEBUG org.asynchttpclient.netty.handler.WebSocketHandler - 

Request DefaultFullHttpRequest(decodeResult: success, version: HTTP/1.1, content: EmptyByteBufBE)
GET /devtools/browser/fc7859ac-c5c5-4f43-a5c8-9666969817d1 HTTP/1.1
upgrade: websocket
connection: upgrade
sec-websocket-key: /qSmGvbiGS63bg+X6sbByw==
sec-websocket-version: 13
origin: http://localhost:57134
host: localhost:57134
accept: */*
user-agent: AHC/2.1

Response DefaultHttpResponse(decodeResult: success, version: HTTP/1.1)
HTTP/1.1 101 WebSocket Protocol Handshake
Upgrade: WebSocket
Connection: Upgrade
Sec-WebSocket-Accept: ah0i5G5ay2+dmn5TxocqU2LuR1o=

19:29:28.055 [Forwarding get on session abeeb0aa8ff40e5d86272e92297723f8 to remote] DEBUG org.asynchttpclient.netty.request.NettyRequestSender - Using pooled Channel '[id: 0x9f14340f, L:/127.0.0.1:57133 - R:localhost/127.0.0.1:53842]' for 'POST' to 'http://localhost:53842/session/abeeb0aa8ff40e5d86272e92297723f8/url'
19:29:28.055 [Forwarding get on session abeeb0aa8ff40e5d86272e92297723f8 to remote] DEBUG org.asynchttpclient.netty.request.NettyRequestSender - Using open Channel [id: 0x9f14340f, L:/127.0.0.1:57133 - R:localhost/127.0.0.1:53842] for POST '/session/abeeb0aa8ff40e5d86272e92297723f8/url'
19:29:28.884 [AsyncHttpClient-1-1] DEBUG org.asynchttpclient.netty.channel.DefaultChannelPool - Entry count for : http://localhost:57134 : 1
19:29:29.401 [AsyncHttpClient-1-5] DEBUG org.asynchttpclient.netty.handler.HttpHandler - 

Request DefaultHttpRequest(decodeResult: success, version: HTTP/1.1)
POST /session/abeeb0aa8ff40e5d86272e92297723f8/url HTTP/1.1
User-Agent: selenium/4.1.2 (java windows)
Content-Length: 59
Content-Type: application/json; charset=utf-8
host: localhost:53842
accept: */*

Response DefaultHttpResponse(decodeResult: success, version: HTTP/1.1)
HTTP/1.1 200 OK
Content-Type: application/json; charset=utf-8
cache-control: no-cache
content-length: 14

19:29:29.402 [AsyncHttpClient-1-5] DEBUG org.asynchttpclient.netty.channel.ChannelManager - Adding key: http://localhost:53842 for channel [id: 0x9f14340f, L:/127.0.0.1:57133 - R:localhost/127.0.0.1:53842]
19:29:29.406 [Forwarding setTimeout on session abeeb0aa8ff40e5d86272e92297723f8 to remote] DEBUG org.asynchttpclient.netty.request.NettyRequestSender - Using pooled Channel '[id: 0x9f14340f, L:/127.0.0.1:57133 - R:localhost/127.0.0.1:53842]' for 'POST' to 'http://localhost:53842/session/abeeb0aa8ff40e5d86272e92297723f8/timeouts'
19:29:29.406 [Forwarding setTimeout on session abeeb0aa8ff40e5d86272e92297723f8 to remote] DEBUG org.asynchttpclient.netty.request.NettyRequestSender - Using open Channel [id: 0x9f14340f, L:/127.0.0.1:57133 - R:localhost/127.0.0.1:53842] for POST '/session/abeeb0aa8ff40e5d86272e92297723f8/timeouts'
19:29:29.409 [AsyncHttpClient-1-5] DEBUG org.asynchttpclient.netty.handler.HttpHandler - 

Request DefaultHttpRequest(decodeResult: success, version: HTTP/1.1)
POST /session/abeeb0aa8ff40e5d86272e92297723f8/timeouts HTTP/1.1
User-Agent: selenium/4.1.2 (java windows)
Content-Length: 22
Content-Type: application/json; charset=utf-8
host: localhost:53842
accept: */*

Response DefaultHttpResponse(decodeResult: success, version: HTTP/1.1)
HTTP/1.1 200 OK
Content-Type: application/json; charset=utf-8
cache-control: no-cache
content-length: 14

19:29:29.409 [AsyncHttpClient-1-5] DEBUG org.asynchttpclient.netty.channel.ChannelManager - Adding key: http://localhost:53842 for channel [id: 0x9f14340f, L:/127.0.0.1:57133 - R:localhost/127.0.0.1:53842]
19:29:29.419 [Forwarding getCurrentUrl on session abeeb0aa8ff40e5d86272e92297723f8 to remote] DEBUG org.asynchttpclient.netty.request.NettyRequestSender - Using pooled Channel '[id: 0x9f14340f, L:/127.0.0.1:57133 - R:localhost/127.0.0.1:53842]' for 'GET' to 'http://localhost:53842/session/abeeb0aa8ff40e5d86272e92297723f8/url'
19:29:29.419 [Forwarding getCurrentUrl on session abeeb0aa8ff40e5d86272e92297723f8 to remote] DEBUG org.asynchttpclient.netty.request.NettyRequestSender - Using open Channel [id: 0x9f14340f, L:/127.0.0.1:57133 - R:localhost/127.0.0.1:53842] for GET '/session/abeeb0aa8ff40e5d86272e92297723f8/url'
19:29:29.441 [AsyncHttpClient-1-5] DEBUG org.asynchttpclient.netty.handler.HttpHandler - 

Request DefaultFullHttpRequest(decodeResult: success, version: HTTP/1.1, content: EmptyByteBufBE)
GET /session/abeeb0aa8ff40e5d86272e92297723f8/url HTTP/1.1
User-Agent: selenium/4.1.2 (java windows)
Cache-Control: no-cache
Content-Type: application/json; charset=utf-8
host: localhost:53842
accept: */*

Response DefaultHttpResponse(decodeResult: success, version: HTTP/1.1)
HTTP/1.1 200 OK
Content-Type: application/json; charset=utf-8
cache-control: no-cache
content-length: 41

19:29:29.443 [AsyncHttpClient-1-5] DEBUG org.asynchttpclient.netty.channel.ChannelManager - Adding key: http://localhost:53842 for channel [id: 0x9f14340f, L:/127.0.0.1:57133 - R:localhost/127.0.0.1:53842]
  &amp#27;[32mGiven &amp#27;[0m&amp#27;[32mI open homepage url&amp#27;[0m        &amp#27;[90m# starter.stepdefinitions.CartSteps.iOpenHomepageUrl()&amp#27;[0m
19:29:29.478 [Forwarding screenshot on session abeeb0aa8ff40e5d86272e92297723f8 to remote] DEBUG org.asynchttpclient.netty.request.NettyRequestSender - Using pooled Channel '[id: 0x9f14340f, L:/127.0.0.1:57133 - R:localhost/127.0.0.1:53842]' for 'GET' to 'http://localhost:53842/session/abeeb0aa8ff40e5d86272e92297723f8/screenshot'
19:29:29.479 [Forwarding screenshot on session abeeb0aa8ff40e5d86272e92297723f8 to remote] DEBUG org.asynchttpclient.netty.request.NettyRequestSender - Using open Channel [id: 0x9f14340f, L:/127.0.0.1:57133 - R:localhost/127.0.0.1:53842] for GET '/session/abeeb0aa8ff40e5d86272e92297723f8/screenshot'
19:29:29.981 [AsyncHttpClient-1-1] DEBUG org.asynchttpclient.netty.channel.DefaultChannelPool - Entry count for : http://localhost:57134 : 1
19:29:30.686 [AsyncHttpClient-1-5] DEBUG org.asynchttpclient.netty.handler.HttpHandler - 

Request DefaultFullHttpRequest(decodeResult: success, version: HTTP/1.1, content: EmptyByteBufBE)
GET /session/abeeb0aa8ff40e5d86272e92297723f8/screenshot HTTP/1.1
User-Agent: selenium/4.1.2 (java windows)
Cache-Control: no-cache
Content-Type: application/json; charset=utf-8
host: localhost:53842
accept: */*

Response DefaultHttpResponse(decodeResult: success, version: HTTP/1.1)
HTTP/1.1 200 OK
Content-Type: application/json; charset=utf-8
cache-control: no-cache
content-length: 32060

19:29:30.688 [AsyncHttpClient-1-5] DEBUG org.asynchttpclient.netty.channel.ChannelManager - Adding key: http://localhost:53842 for channel [id: 0x9f14340f, L:/127.0.0.1:57133 - R:localhost/127.0.0.1:53842]
19:29:30.695 [main] DEBUG net.serenitybdd.core.photography.Darkroom - Send negative for processing for target\site\serenity\900575b756acbc72523568788d87e4efb2c0487da36d3a426744fdab4ac6f4a3.png
19:29:30.696 [Darkroom Processing Line] DEBUG net.serenitybdd.core.photography.DarkroomProcessingLine - Processing screenshot image in /var/screenshots/screenshot-9149487584131130275
19:29:30.698 [Darkroom Processing Line] DEBUG net.serenitybdd.core.photography.DarkroomProcessingLine - Saving screenshot to target\site\serenity\900575b756acbc72523568788d87e4efb2c0487da36d3a426744fdab4ac6f4a3.png
19:29:30.738 [Forwarding findElement on session abeeb0aa8ff40e5d86272e92297723f8 to remote] DEBUG org.asynchttpclient.netty.request.NettyRequestSender - Using pooled Channel '[id: 0x9f14340f, L:/127.0.0.1:57133 - R:localhost/127.0.0.1:53842]' for 'POST' to 'http://localhost:53842/session/abeeb0aa8ff40e5d86272e92297723f8/element'
19:29:30.738 [Forwarding findElement on session abeeb0aa8ff40e5d86272e92297723f8 to remote] DEBUG org.asynchttpclient.netty.request.NettyRequestSender - Using open Channel [id: 0x9f14340f, L:/127.0.0.1:57133 - R:localhost/127.0.0.1:53842] for POST '/session/abeeb0aa8ff40e5d86272e92297723f8/element'
19:29:30.838 [AsyncHttpClient-1-5] DEBUG org.asynchttpclient.netty.handler.HttpHandler - 

Request DefaultHttpRequest(decodeResult: success, version: HTTP/1.1)
POST /session/abeeb0aa8ff40e5d86272e92297723f8/element HTTP/1.1
User-Agent: selenium/4.1.2 (java windows)
Content-Length: 88
Content-Type: application/json; charset=utf-8
host: localhost:53842
accept: */*

Response DefaultHttpResponse(decodeResult: success, version: HTTP/1.1)
HTTP/1.1 200 OK
Content-Type: application/json; charset=utf-8
cache-control: no-cache
content-length: 88

19:29:30.838 [AsyncHttpClient-1-5] DEBUG org.asynchttpclient.netty.channel.ChannelManager - Adding key: http://localhost:53842 for channel [id: 0x9f14340f, L:/127.0.0.1:57133 - R:localhost/127.0.0.1:53842]
19:29:30.844 [Forwarding getElementTagName on session abeeb0aa8ff40e5d86272e92297723f8 to remote] DEBUG org.asynchttpclient.netty.request.NettyRequestSender - Using pooled Channel '[id: 0x9f14340f, L:/127.0.0.1:57133 - R:localhost/127.0.0.1:53842]' for 'GET' to 'http://localhost:53842/session/abeeb0aa8ff40e5d86272e92297723f8/element/b6f6fc4e-b071-482a-9c35-8b2691f1660f/name'
19:29:30.845 [Forwarding getElementTagName on session abeeb0aa8ff40e5d86272e92297723f8 to remote] DEBUG org.asynchttpclient.netty.request.NettyRequestSender - Using open Channel [id: 0x9f14340f, L:/127.0.0.1:57133 - R:localhost/127.0.0.1:53842] for GET '/session/abeeb0aa8ff40e5d86272e92297723f8/element/b6f6fc4e-b071-482a-9c35-8b2691f1660f/name'
19:29:30.864 [AsyncHttpClient-1-5] DEBUG org.asynchttpclient.netty.handler.HttpHandler - 

Request DefaultFullHttpRequest(decodeResult: success, version: HTTP/1.1, content: EmptyByteBufBE)
GET /session/abeeb0aa8ff40e5d86272e92297723f8/element/b6f6fc4e-b071-482a-9c35-8b2691f1660f/name HTTP/1.1
User-Agent: selenium/4.1.2 (java windows)
Cache-Control: no-cache
Content-Type: application/json; charset=utf-8
host: localhost:53842
accept: */*

Response DefaultHttpResponse(decodeResult: success, version: HTTP/1.1)
HTTP/1.1 200 OK
Content-Type: application/json; charset=utf-8
cache-control: no-cache
content-length: 13

[...]
19:30:33.101 [AsyncHttpClient-1-14] DEBUG org.asynchttpclient.netty.handler.HttpHandler - 

Request DefaultFullHttpRequest(decodeResult: success, version: HTTP/1.1, content: EmptyByteBufBE)
GET /session/dd3a87974cccffbb5cb77f096da357c9/element/5feb2cb0-2870-44a8-9afc-bdd56f12d830/name HTTP/1.1
User-Agent: selenium/4.1.2 (java windows)
Cache-Control: no-cache
Content-Type: application/json; charset=utf-8
host: localhost:49788
accept: */*

Response DefaultHttpResponse(decodeResult: success, version: HTTP/1.1)
HTTP/1.1 200 OK
Content-Type: application/json; charset=utf-8
cache-control: no-cache
content-length: 16

19:30:33.101 [AsyncHttpClient-1-14] DEBUG org.asynchttpclient.netty.channel.ChannelManager - Adding key: http://localhost:49788 for channel [id: 0xb0d6d594, L:/127.0.0.1:57223 - R:localhost/127.0.0.1:49788]
19:30:33.103 [Forwarding getElementTagName on session dd3a87974cccffbb5cb77f096da357c9 to remote] DEBUG org.asynchttpclient.netty.request.NettyRequestSender - Using pooled Channel '[id: 0xb0d6d594, L:/127.0.0.1:57223 - R:localhost/127.0.0.1:49788]' for 'GET' to 'http://localhost:49788/session/dd3a87974cccffbb5cb77f096da357c9/element/5feb2cb0-2870-44a8-9afc-bdd56f12d830/name'
19:30:33.103 [Forwarding getElementTagName on session dd3a87974cccffbb5cb77f096da357c9 to remote] DEBUG org.asynchttpclient.netty.request.NettyRequestSender - Using open Channel [id: 0xb0d6d594, L:/127.0.0.1:57223 - R:localhost/127.0.0.1:49788] for GET '/session/dd3a87974cccffbb5cb77f096da357c9/element/5feb2cb0-2870-44a8-9afc-bdd56f12d830/name'
19:30:33.108 [AsyncHttpClient-1-14] DEBUG org.asynchttpclient.netty.handler.HttpHandler - 

Request DefaultFullHttpRequest(decodeResult: success, version: HTTP/1.1, content: EmptyByteBufBE)
GET /session/dd3a87974cccffbb5cb77f096da357c9/element/5feb2cb0-2870-44a8-9afc-bdd56f12d830/name HTTP/1.1
User-Agent: selenium/4.1.2 (java windows)
Cache-Control: no-cache
Content-Type: application/json; charset=utf-8
host: localhost:49788
accept: */*

Response DefaultHttpResponse(decodeResult: success, version: HTTP/1.1)
HTTP/1.1 200 OK
Content-Type: application/json; charset=utf-8
cache-control: no-cache
content-length: 16

19:30:33.108 [AsyncHttpClient-1-14] DEBUG org.asynchttpclient.netty.channel.ChannelManager - Adding key: http://localhost:49788 for channel [id: 0xb0d6d594, L:/127.0.0.1:57223 - R:localhost/127.0.0.1:49788]
19:30:33.113 [Forwarding findElement on session dd3a87974cccffbb5cb77f096da357c9 to remote] DEBUG org.asynchttpclient.netty.request.NettyRequestSender - Using pooled Channel '[id: 0xb0d6d594, L:/127.0.0.1:57223 - R:localhost/127.0.0.1:49788]' for 'POST' to 'http://localhost:49788/session/dd3a87974cccffbb5cb77f096da357c9/element'
19:30:33.114 [Forwarding findElement on session dd3a87974cccffbb5cb77f096da357c9 to remote] DEBUG org.asynchttpclient.netty.request.NettyRequestSender - Using open Channel [id: 0xb0d6d594, L:/127.0.0.1:57223 - R:localhost/127.0.0.1:49788] for POST '/session/dd3a87974cccffbb5cb77f096da357c9/element'
19:30:33.125 [AsyncHttpClient-1-14] DEBUG org.asynchttpclient.netty.handler.HttpHandler - 

Request DefaultHttpRequest(decodeResult: success, version: HTTP/1.1)
POST /session/dd3a87974cccffbb5cb77f096da357c9/element HTTP/1.1
User-Agent: selenium/4.1.2 (java windows)
Content-Length: 77
Content-Type: application/json; charset=utf-8
host: localhost:49788
accept: */*

Response DefaultHttpResponse(decodeResult: success, version: HTTP/1.1)
HTTP/1.1 200 OK
Content-Type: application/json; charset=utf-8
cache-control: no-cache
content-length: 88

19:30:33.125 [AsyncHttpClient-1-14] DEBUG org.asynchttpclient.netty.channel.ChannelManager - Adding key: http://localhost:49788 for channel [id: 0xb0d6d594, L:/127.0.0.1:57223 - R:localhost/127.0.0.1:49788]
19:30:33.128 [Forwarding clickElement on session dd3a87974cccffbb5cb77f096da357c9 to remote] DEBUG org.asynchttpclient.netty.request.NettyRequestSender - Using pooled Channel '[id: 0xb0d6d594, L:/127.0.0.1:57223 - R:localhost/127.0.0.1:49788]' for 'POST' to 'http://localhost:49788/session/dd3a87974cccffbb5cb77f096da357c9/element/5feb2cb0-2870-44a8-9afc-bdd56f12d830/click'
19:30:33.128 [Forwarding clickElement on session dd3a87974cccffbb5cb77f096da357c9 to remote] DEBUG org.asynchttpclient.netty.request.NettyRequestSender - Using open Channel [id: 0xb0d6d594, L:/127.0.0.1:57223 - R:localhost/127.0.0.1:49788] for POST '/session/dd3a87974cccffbb5cb77f096da357c9/element/5feb2cb0-2870-44a8-9afc-bdd56f12d830/click'
19:30:33.204 [AsyncHttpClient-1-14] DEBUG org.asynchttpclient.netty.handler.HttpHandler - 

Request DefaultHttpRequest(decodeResult: success, version: HTTP/1.1)
POST /session/dd3a87974cccffbb5cb77f096da357c9/element/5feb2cb0-2870-44a8-9afc-bdd56f12d830/click HTTP/1.1
User-Agent: selenium/4.1.2 (java windows)
Content-Length: 50
Content-Type: application/json; charset=utf-8
host: localhost:49788
accept: */*

Response DefaultHttpResponse(decodeResult: success, version: HTTP/1.1)
HTTP/1.1 200 OK
Content-Type: application/json; charset=utf-8
cache-control: no-cache
content-length: 14

19:30:33.204 [AsyncHttpClient-1-14] DEBUG org.asynchttpclient.netty.channel.ChannelManager - Adding key: http://localhost:49788 for channel [id: 0xb0d6d594, L:/127.0.0.1:57223 - R:localhost/127.0.0.1:49788]
  &amp#27;[32mAnd &amp#27;[0m&amp#27;[32mI click minus logo&amp#27;[0m                  &amp#27;[90m# starter.stepdefinitions.CartSteps.iClickMinusLogo()&amp#27;[0m
19:30:33.224 [Forwarding screenshot on session dd3a87974cccffbb5cb77f096da357c9 to remote] DEBUG org.asynchttpclient.netty.request.NettyRequestSender - Using pooled Channel '[id: 0xb0d6d594, L:/127.0.0.1:57223 - R:localhost/127.0.0.1:49788]' for 'GET' to 'http://localhost:49788/session/dd3a87974cccffbb5cb77f096da357c9/screenshot'
19:30:33.224 [Forwarding screenshot on session dd3a87974cccffbb5cb77f096da357c9 to remote] DEBUG org.asynchttpclient.netty.request.NettyRequestSender - Using open Channel [id: 0xb0d6d594, L:/127.0.0.1:57223 - R:localhost/127.0.0.1:49788] for GET '/session/dd3a87974cccffbb5cb77f096da357c9/screenshot'
19:30:33.620 [AsyncHttpClient-1-14] DEBUG org.asynchttpclient.netty.handler.HttpHandler - 

Request DefaultFullHttpRequest(decodeResult: success, version: HTTP/1.1, content: EmptyByteBufBE)
GET /session/dd3a87974cccffbb5cb77f096da357c9/screenshot HTTP/1.1
User-Agent: selenium/4.1.2 (java windows)
Cache-Control: no-cache
Content-Type: application/json; charset=utf-8
host: localhost:49788
accept: */*

Response DefaultHttpResponse(decodeResult: success, version: HTTP/1.1)
HTTP/1.1 200 OK
Content-Type: application/json; charset=utf-8
cache-control: no-cache
content-length: 48464

19:30:33.621 [AsyncHttpClient-1-14] DEBUG org.asynchttpclient.netty.channel.ChannelManager - Adding key: http://localhost:49788 for channel [id: 0xb0d6d594, L:/127.0.0.1:57223 - R:localhost/127.0.0.1:49788]
19:30:33.627 [main] DEBUG net.serenitybdd.core.photography.Darkroom - Send negative for processing for target\site\serenity\3947396014b799cd693acda74a0e8b00dc1449b848676082c41797ba6bef81fc.png
19:30:33.628 [Darkroom Processing Line] DEBUG net.serenitybdd.core.photography.DarkroomProcessingLine - Processing screenshot image in /var/screenshots/screenshot-2026603354092043099
19:30:33.629 [Darkroom Processing Line] DEBUG net.serenitybdd.core.photography.DarkroomProcessingLine - Saving screenshot to target\site\serenity\3947396014b799cd693acda74a0e8b00dc1449b848676082c41797ba6bef81fc.png
19:30:33.651 [Forwarding findElement on session dd3a87974cccffbb5cb77f096da357c9 to remote] DEBUG org.asynchttpclient.netty.request.NettyRequestSender - Using pooled Channel '[id: 0xb0d6d594, L:/127.0.0.1:57223 - R:localhost/127.0.0.1:49788]' for 'POST' to 'http://localhost:49788/session/dd3a87974cccffbb5cb77f096da357c9/element'
19:30:33.652 [Forwarding findElement on session dd3a87974cccffbb5cb77f096da357c9 to remote] DEBUG org.asynchttpclient.netty.request.NettyRequestSender - Using open Channel [id: 0xb0d6d594, L:/127.0.0.1:57223 - R:localhost/127.0.0.1:49788] for POST '/session/dd3a87974cccffbb5cb77f096da357c9/element'
19:30:33.687 [AsyncHttpClient-1-14] DEBUG org.asynchttpclient.netty.handler.HttpHandler - 

Request DefaultHttpRequest(decodeResult: success, version: HTTP/1.1)
POST /session/dd3a87974cccffbb5cb77f096da357c9/element HTTP/1.1
User-Agent: selenium/4.1.2 (java windows)
Content-Length: 89
Content-Type: application/json; charset=utf-8
host: localhost:49788
accept: */*

Response DefaultHttpResponse(decodeResult: success, version: HTTP/1.1)
HTTP/1.1 200 OK
Content-Type: application/json; charset=utf-8
cache-control: no-cache
content-length: 88

19:30:33.688 [AsyncHttpClient-1-14] DEBUG org.asynchttpclient.netty.channel.ChannelManager - Adding key: http://localhost:49788 for channel [id: 0xb0d6d594, L:/127.0.0.1:57223 - R:localhost/127.0.0.1:49788]
19:30:33.691 [Forwarding getElementText on session dd3a87974cccffbb5cb77f096da357c9 to remote] DEBUG org.asynchttpclient.netty.request.NettyRequestSender - Using pooled Channel '[id: 0xb0d6d594, L:/127.0.0.1:57223 - R:localhost/127.0.0.1:49788]' for 'GET' to 'http://localhost:49788/session/dd3a87974cccffbb5cb77f096da357c9/element/c2f5bfb7-0286-4fc4-b8ea-a3981ef99446/text'
19:30:33.691 [Forwarding getElementText on session dd3a87974cccffbb5cb77f096da357c9 to remote] DEBUG org.asynchttpclient.netty.request.NettyRequestSender - Using open Channel [id: 0xb0d6d594, L:/127.0.0.1:57223 - R:localhost/127.0.0.1:49788] for GET '/session/dd3a87974cccffbb5cb77f096da357c9/element/c2f5bfb7-0286-4fc4-b8ea-a3981ef99446/text'
19:30:33.733 [AsyncHttpClient-1-14] DEBUG org.asynchttpclient.netty.handler.HttpHandler - 

Request DefaultFullHttpRequest(decodeResult: success, version: HTTP/1.1, content: EmptyByteBufBE)
GET /session/dd3a87974cccffbb5cb77f096da357c9/element/c2f5bfb7-0286-4fc4-b8ea-a3981ef99446/text HTTP/1.1
User-Agent: selenium/4.1.2 (java windows)
Cache-Control: no-cache
Content-Type: application/json; charset=utf-8
host: localhost:49788
accept: */*

Response DefaultHttpResponse(decodeResult: success, version: HTTP/1.1)
HTTP/1.1 200 OK
Content-Type: application/json; charset=utf-8
cache-control: no-cache
content-length: 13

19:30:33.733 [AsyncHttpClient-1-14] DEBUG org.asynchttpclient.netty.channel.ChannelManager - Adding key: http://localhost:49788 for channel [id: 0xb0d6d594, L:/127.0.0.1:57223 - R:localhost/127.0.0.1:49788]
  &amp#27;[32mThen &amp#27;[0m&amp#27;[32mThe quantity of product is reduced&amp#27;[0m &amp#27;[90m# starter.stepdefinitions.CartSteps.theQuantityOfProductIsReduced()&amp#27;[0m
19:30:33.749 [Forwarding screenshot on session dd3a87974cccffbb5cb77f096da357c9 to remote] DEBUG org.asynchttpclient.netty.request.NettyRequestSender - Using pooled Channel '[id: 0xb0d6d594, L:/127.0.0.1:57223 - R:localhost/127.0.0.1:49788]' for 'GET' to 'http://localhost:49788/session/dd3a87974cccffbb5cb77f096da357c9/screenshot'
19:30:33.751 [Forwarding screenshot on session dd3a87974cccffbb5cb77f096da357c9 to remote] DEBUG org.asynchttpclient.netty.request.NettyRequestSender - Using open Channel [id: 0xb0d6d594, L:/127.0.0.1:57223 - R:localhost/127.0.0.1:49788] for GET '/session/dd3a87974cccffbb5cb77f096da357c9/screenshot'
19:30:33.789 [AsyncHttpClient-1-1] DEBUG org.asynchttpclient.netty.channel.DefaultChannelPool - Entry count for : http://localhost:57224 : 1
19:30:34.095 [AsyncHttpClient-1-14] DEBUG org.asynchttpclient.netty.handler.HttpHandler - 

Request DefaultFullHttpRequest(decodeResult: success, version: HTTP/1.1, content: EmptyByteBufBE)
GET /session/dd3a87974cccffbb5cb77f096da357c9/screenshot HTTP/1.1
User-Agent: selenium/4.1.2 (java windows)
Cache-Control: no-cache
Content-Type: application/json; charset=utf-8
host: localhost:49788
accept: */*

Response DefaultHttpResponse(decodeResult: success, version: HTTP/1.1)
HTTP/1.1 200 OK
Content-Type: application/json; charset=utf-8
cache-control: no-cache
content-length: 46604

19:30:34.096 [AsyncHttpClient-1-14] DEBUG org.asynchttpclient.netty.channel.ChannelManager - Adding key: http://localhost:49788 for channel [id: 0xb0d6d594, L:/127.0.0.1:57223 - R:localhost/127.0.0.1:49788]
19:30:34.101 [main] DEBUG net.serenitybdd.core.photography.Darkroom - Send negative for processing for target\site\serenity\a96fc24405914e4c8044c4b9b42e75447395d693223a2f7772b93ff66f5e9da4.png
19:30:34.101 [Darkroom Processing Line] DEBUG net.serenitybdd.core.photography.DarkroomProcessingLine - Processing screenshot image in /var/screenshots/screenshot-5974151914111746154
19:30:34.101 [Darkroom Processing Line] DEBUG net.serenitybdd.core.photography.DarkroomProcessingLine - Saving screenshot to target\site\serenity\a96fc24405914e4c8044c4b9b42e75447395d693223a2f7772b93ff66f5e9da4.png
19:30:34.103 [main] INFO  - 
  _____   ___   ___   _____     ___     _     ___   ___   ___   ___  
 |_   _| | __| / __| |_   _|   | _ \   /_\   / __| / __| | __| |   \ 
   | |   | _|  \__ \   | |     |  _/  / _ \  \__ \ \__ \ | _|  | |) |
   |_|   |___| |___/   |_|     |_|   /_/ \_\ |___/ |___/ |___| |___/ 

Reduce Product Quantity
----------------------------------------------------------------------
19:30:34.106 [AsyncHttpClient-1-16] DEBUG org.asynchttpclient.netty.handler.WebSocketHandler - Channel Closed: [id: 0x7a9bcba2, L:/127.0.0.1:57234 ! R:localhost/127.0.0.1:57224] with attribute NettyResponseFuture{currentRetry=5,
	isDone=1,
	isCancelled=0,
	asyncHandler=org.asynchttpclient.ws.WebSocketUpgradeHandler@71165f3e,
	nettyRequest=org.asynchttpclient.netty.request.NettyRequest@3414cf78,
	future=java.util.concurrent.CompletableFuture@3e52d1f0[Completed normally],
	uri=ws://localhost:57224/devtools/browser/6dfea9a7-814d-4fb5-8b31-a0bf1ae5eaf8,
	keepAlive=true,
	redirectCount=0,
	timeoutsHolder=null,
	inAuth=0,
	touch=1667997018469}
19:30:34.106 [AsyncHttpClient-1-16] DEBUG org.asynchttpclient.netty.channel.ChannelManager - Closing Channel [id: 0x7a9bcba2, L:/127.0.0.1:57234 ! R:localhost/127.0.0.1:57224] 
19:30:34.107 [Driver Command Executor] DEBUG org.asynchttpclient.netty.request.NettyRequestSender - Using pooled Channel '[id: 0xb0d6d594, L:/127.0.0.1:57223 - R:localhost/127.0.0.1:49788]' for 'DELETE' to 'http://localhost:49788/session/dd3a87974cccffbb5cb77f096da357c9'
19:30:34.108 [Driver Command Executor] DEBUG org.asynchttpclient.netty.request.NettyRequestSender - Using open Channel [id: 0xb0d6d594, L:/127.0.0.1:57223 - R:localhost/127.0.0.1:49788] for DELETE '/session/dd3a87974cccffbb5cb77f096da357c9'
19:30:34.218 [AsyncHttpClient-1-15] DEBUG org.asynchttpclient.netty.handler.HttpHandler - Unexpected I/O exception on channel [id: 0x94afbc0c, L:/127.0.0.1:57233 - R:localhost/127.0.0.1:57224]
java.net.SocketException: Connection reset
	at java.base/sun.nio.ch.SocketChannelImpl.throwConnectionReset(SocketChannelImpl.java:345)
	at java.base/sun.nio.ch.SocketChannelImpl.read(SocketChannelImpl.java:376)
	at io.netty.buffer.PooledByteBuf.setBytes(PooledByteBuf.java:258)
	at io.netty.buffer.AbstractByteBuf.writeBytes(AbstractByteBuf.java:1132)
	at io.netty.channel.socket.nio.NioSocketChannel.doReadBytes(NioSocketChannel.java:350)
	at io.netty.channel.nio.AbstractNioByteChannel$NioByteUnsafe.read(AbstractNioByteChannel.java:151)
	at io.netty.channel.nio.NioEventLoop.processSelectedKey(NioEventLoop.java:722)
	at io.netty.channel.nio.NioEventLoop.processSelectedKeysOptimized(NioEventLoop.java:658)
	at io.netty.channel.nio.NioEventLoop.processSelectedKeys(NioEventLoop.java:584)
	at io.netty.channel.nio.NioEventLoop.run(NioEventLoop.java:496)
	at io.netty.util.concurrent.SingleThreadEventExecutor$4.run(SingleThreadEventExecutor.java:986)
	at io.netty.util.internal.ThreadExecutorMap$2.run(ThreadExecutorMap.java:74)
	at io.netty.util.concurrent.FastThreadLocalRunnable.run(FastThreadLocalRunnable.java:30)
	at java.base/java.lang.Thread.run(Thread.java:830)
19:30:34.220 [AsyncHttpClient-1-15] DEBUG org.asynchttpclient.netty.channel.ChannelManager - Closing Channel [id: 0x94afbc0c, L:/127.0.0.1:57233 - R:localhost/127.0.0.1:57224] 
19:30:34.221 [AsyncHttpClient-1-15] DEBUG org.asynchttpclient.netty.handler.HttpHandler - Channel Closed: [id: 0x94afbc0c, L:/127.0.0.1:57233 ! R:localhost/127.0.0.1:57224] with attribute DISCARD
19:30:34.338 [AsyncHttpClient-1-14] DEBUG org.asynchttpclient.netty.handler.HttpHandler - 

Request DefaultFullHttpRequest(decodeResult: success, version: HTTP/1.1, content: EmptyByteBufBE)
DELETE /session/dd3a87974cccffbb5cb77f096da357c9 HTTP/1.1
User-Agent: selenium/4.1.2 (java windows)
Content-Type: application/json; charset=utf-8
host: localhost:49788
accept: */*

Response DefaultHttpResponse(decodeResult: success, version: HTTP/1.1)
HTTP/1.1 200 OK
Content-Type: application/json; charset=utf-8
cache-control: no-cache
content-length: 14

19:30:34.339 [AsyncHttpClient-1-14] DEBUG org.asynchttpclient.netty.channel.ChannelManager - Adding key: http://localhost:49788 for channel [id: 0xb0d6d594, L:/127.0.0.1:57223 - R:localhost/127.0.0.1:49788]
19:30:34.464 [AsyncHttpClient-1-14] DEBUG org.asynchttpclient.netty.handler.HttpHandler - Channel Closed: [id: 0xb0d6d594, L:/127.0.0.1:57223 ! R:localhost/127.0.0.1:49788] with attribute DISCARD
19:30:34.889 [AsyncHttpClient-1-1] DEBUG org.asynchttpclient.netty.channel.DefaultChannelPool - Entry count for : http://localhost:57224 : 1
19:30:34.889 [AsyncHttpClient-1-1] DEBUG org.asynchttpclient.netty.channel.DefaultChannelPool - Entry count for : http://localhost:49788 : 1
19:30:34.889 [AsyncHttpClient-1-1] DEBUG org.asynchttpclient.netty.channel.DefaultChannelPool - Adding Candidate expired Channel [id: 0x94afbc0c, L:/127.0.0.1:57233 ! R:localhost/127.0.0.1:57224] isIdleTimeoutExpired=false isRemotelyClosed=true isTtlExpired=false
19:30:34.889 [AsyncHttpClient-1-1] DEBUG org.asynchttpclient.netty.channel.DefaultChannelPool - Closing Idle Channel [id: 0x94afbc0c, L:/127.0.0.1:57233 ! R:localhost/127.0.0.1:57224]
19:30:34.889 [AsyncHttpClient-1-1] DEBUG org.asynchttpclient.netty.channel.DefaultChannelPool - Adding Candidate expired Channel [id: 0xb0d6d594, L:/127.0.0.1:57223 ! R:localhost/127.0.0.1:49788] isIdleTimeoutExpired=false isRemotelyClosed=true isTtlExpired=false
19:30:34.889 [AsyncHttpClient-1-1] DEBUG org.asynchttpclient.netty.channel.DefaultChannelPool - Closing Idle Channel [id: 0xb0d6d594, L:/127.0.0.1:57223 ! R:localhost/127.0.0.1:49788]
19:30:34.889 [AsyncHttpClient-1-1] DEBUG org.asynchttpclient.netty.channel.DefaultChannelPool - Closed 2 connections out of 2 in 0 ms
]]></system-out>
    <system-err><![CDATA[Starting ChromeDriver 106.0.5249.61 (511755355844955cd3e264779baf0dd38212a4d0-refs/branch-heads/5249@{#569}) on port 49788
Only local connections are allowed.
Please see https://chromedriver.chromium.org/security-considerations for suggestions on keeping ChromeDriver safe.
ChromeDriver was started successfully.
[1667997016.613][WARNING]: This version of ChromeDriver has not been tested with Chrome version 107.
Nov 09, 2022 7:30:18 PM org.openqa.selenium.remote.ProtocolHandshake createSession
INFO: Detected dialect: W3C
Nov 09, 2022 7:30:18 PM org.openqa.selenium.devtools.CdpVersionFinder findNearestMatch
WARNING: Unable to find an exact match for CDP version 107, so returning the closest version found: a no-op implementation
Nov 09, 2022 7:30:18 PM org.openqa.selenium.devtools.CdpVersionFinder findNearestMatch
INFO: Unable to find CDP implementation matching 107.
Nov 09, 2022 7:30:18 PM org.openqa.selenium.chromium.ChromiumDriver lambda$new$3
WARNING: Unable to find version of CDP to use for . You may need to include a dependency on a specific version of the CDP using something similar to `org.seleniumhq.selenium:selenium-devtools-v86:4.1.2` where the version ("v86") matches the version of the chromium-based browser you're using and the version number of the artifact is the same as Selenium's.
]]></system-err>
  </testcase>
</testsuite>